2022-06-21 13:35:13,061 [Worker-10: Loading available Gradle versions] INFO  o.e.b.c.i.u.g.PublishedGradleVersions - Gradle version information cache is out-of-date. Trying to update.
2022-06-21 13:54:55,799 [ModalContext] INFO  o.e.m.c.i.e.AbstractTransferListenerAdapter - Downloading https://repo1.maven.org/maven2/org/apache/maven/archetypes/maven-archetype-mojo/1.0/maven-archetype-mojo-1.0.jar
2022-06-21 13:54:56,446 [ModalContext] INFO  o.e.m.c.i.e.AbstractTransferListenerAdapter - Downloaded https://repo1.maven.org/maven2/org/apache/maven/archetypes/maven-archetype-mojo/1.0/maven-archetype-mojo-1.0.jar
2022-06-21 13:54:56,548 [ModalContext] INFO  o.e.m.c.i.e.AbstractTransferListenerAdapter - Downloading https://repo1.maven.org/maven2/org/apache/maven/archetypes/maven-archetype-mojo/1.0/maven-archetype-mojo-1.0.pom
2022-06-21 13:54:56,779 [ModalContext] INFO  o.e.m.c.i.e.AbstractTransferListenerAdapter - Downloaded https://repo1.maven.org/maven2/org/apache/maven/archetypes/maven-archetype-mojo/1.0/maven-archetype-mojo-1.0.pom
2022-06-21 13:56:07,680 [Worker-8: Creating maven-archetype-mojo] INFO  o.e.m.c.i.p.ProjectConfigurationManager - Collecting project info '/pom.xml' C:\Users\canyl\eclipse-workspace\Akbank Bootcamp\Week1\summarize\pom.xml
2022-06-21 13:56:10,032 [Worker-8: Creating maven-archetype-mojo] INFO  o.e.m.c.i.e.AbstractTransferListenerAdapter - Downloading https://repo1.maven.org/maven2/org/apache/maven/plugins/maven-plugin-plugin/3.2/maven-plugin-plugin-3.2.jar
2022-06-21 13:56:10,347 [Worker-8: Creating maven-archetype-mojo] INFO  o.e.m.c.i.e.AbstractTransferListenerAdapter - Downloaded https://repo1.maven.org/maven2/org/apache/maven/plugins/maven-plugin-plugin/3.2/maven-plugin-plugin-3.2.jar
2022-06-21 13:56:19,623 [Worker-8: Creating maven-archetype-mojo] INFO  o.e.m.c.i.l.LifecycleMappingFactory - Using DEFAULT lifecycle mapping for MavenProject: com.apache:summarize:0.0.1-SNAPSHOT @ C:\Users\canyl\eclipse-workspace\Akbank Bootcamp\Week1\summarize\pom.xml.
2022-06-21 13:56:19,909 [Worker-8: Creating maven-archetype-mojo] INFO  o.e.m.c.i.e.AbstractTransferListenerAdapter - Downloading https://repo1.maven.org/maven2/org/apache/maven/maven-plugin-api/2.0/maven-plugin-api-2.0.pom
2022-06-21 13:56:20,037 [Worker-8: Creating maven-archetype-mojo] INFO  o.e.m.c.i.e.AbstractTransferListenerAdapter - Downloaded https://repo1.maven.org/maven2/org/apache/maven/maven-plugin-api/2.0/maven-plugin-api-2.0.pom
2022-06-21 13:56:20,104 [Worker-8: Creating maven-archetype-mojo] INFO  o.e.m.c.i.e.AbstractTransferListenerAdapter - Downloading https://repo1.maven.org/maven2/org/apache/maven/maven/2.0/maven-2.0.pom
2022-06-21 13:56:20,197 [Worker-8: Creating maven-archetype-mojo] INFO  o.e.m.c.i.e.AbstractTransferListenerAdapter - Downloaded https://repo1.maven.org/maven2/org/apache/maven/maven/2.0/maven-2.0.pom
2022-06-21 13:56:20,554 [Worker-8: Creating maven-archetype-mojo] INFO  o.e.m.c.i.e.AbstractTransferListenerAdapter - Downloading https://repo1.maven.org/maven2/org/apache/maven/maven-plugin-api/2.0/maven-plugin-api-2.0.jar
2022-06-21 13:56:20,673 [Worker-8: Creating maven-archetype-mojo] INFO  o.e.m.c.i.e.AbstractTransferListenerAdapter - Downloaded https://repo1.maven.org/maven2/org/apache/maven/maven-plugin-api/2.0/maven-plugin-api-2.0.jar
2022-06-21 13:56:22,405 [Worker-14: Download sources and javadoc] INFO  o.e.m.c.i.e.AbstractTransferListenerAdapter - Downloading https://repo1.maven.org/maven2/org/apache/maven/maven-plugin-api/2.0/maven-plugin-api-2.0-sources.jar
2022-06-21 13:56:22,629 [Worker-14: Download sources and javadoc] INFO  o.e.m.c.i.e.AbstractTransferListenerAdapter - Downloaded https://repo1.maven.org/maven2/org/apache/maven/maven-plugin-api/2.0/maven-plugin-api-2.0-sources.jar
2022-06-21 13:56:22,634 [Worker-14: Download sources and javadoc] INFO  o.e.m.j.internal.DownloadSourcesJob - Downloaded sources for org.apache.maven:maven-plugin-api:2.0
2022-06-21 13:56:23,932 [Worker-8: Creating maven-archetype-mojo] INFO  o.e.m.j.i.AbstractJavaProjectConfigurator - Adding source folder /summarize/src/main/java
2022-06-21 13:56:23,932 [Worker-8: Creating maven-archetype-mojo] INFO  o.e.m.j.i.AbstractJavaProjectConfigurator - Adding source folder /summarize/src/test/java
2022-06-21 13:56:25,372 [Worker-8: Creating maven-archetype-mojo] INFO  o.e.m.c.i.p.ProjectConfigurationManager - Imported and configured 1 project(s) in 17 sec
2022-06-21 13:56:28,988 [Worker-8: Discover lifecycle mappings] INFO  o.e.m.i.discovery.MavenDiscovery - No lifecyle mapping found at jar:file:/C:/Users/canyl/AppData/Local/Temp/RemoteBundleDiscoveryStrategy2450170498488138558.tmp/org.eclipse.m2e.discovery.oss_catalog_1.14.jar_17748999233684499349.jar!/lifecycle%2Forg.eclipse.m2e.discovery.lifecyclemapping.m2e-wtp.xml
2022-06-21 13:56:28,989 [Worker-8: Discover lifecycle mappings] WARN  o.e.m.i.discovery.MavenDiscovery - CatalogItem org.eclipse.m2e.discovery.lifecyclemapping.m2e-wtp does not contain lifecycle mapping metadata
2022-06-21 13:56:28,991 [Worker-8: Discover lifecycle mappings] INFO  o.e.m.i.discovery.MavenDiscovery - No lifecyle mapping found at jar:file:/C:/Users/canyl/AppData/Local/Temp/RemoteBundleDiscoveryStrategy2450170498488138558.tmp/org.eclipse.m2e.discovery.oss_catalog_1.14.jar_17748999233684499349.jar!/lifecycle%2Forg.eclipse.m2e.discovery.lifecyclemapping.m2e-egit.xml
2022-06-21 13:56:28,991 [Worker-8: Discover lifecycle mappings] WARN  o.e.m.i.discovery.MavenDiscovery - CatalogItem org.eclipse.m2e.discovery.lifecyclemapping.m2e-egit does not contain lifecycle mapping metadata
2022-06-21 13:56:28,993 [Worker-8: Discover lifecycle mappings] INFO  o.e.m.i.discovery.MavenDiscovery - No lifecyle mapping found at jar:file:/C:/Users/canyl/AppData/Local/Temp/RemoteBundleDiscoveryStrategy2450170498488138558.tmp/org.eclipse.m2e.discovery.oss_catalog_1.14.jar_17748999233684499349.jar!/lifecycle%2Forg.eclipse.m2e.discovery.lifecyclemapping.m2e-subversive.xml
2022-06-21 13:56:28,993 [Worker-8: Discover lifecycle mappings] WARN  o.e.m.i.discovery.MavenDiscovery - CatalogItem org.eclipse.m2e.discovery.lifecyclemapping.m2e-subversive does not contain lifecycle mapping metadata
2022-06-21 13:56:29,023 [Worker-8: Discover lifecycle mappings] INFO  o.e.m.i.discovery.MavenDiscovery - No lifecyle mapping found at jar:file:/C:/Users/canyl/AppData/Local/Temp/RemoteBundleDiscoveryStrategy2450170498488138558.tmp/org.eclipse.m2e.discovery.oss_catalog_1.14.jar_17748999233684499349.jar!/lifecycle%2Forg.eclipse.m2e.discovery.extras.m2e-chromatic.xml
2022-06-21 13:56:29,024 [Worker-8: Discover lifecycle mappings] WARN  o.e.m.i.discovery.MavenDiscovery - CatalogItem org.eclipse.m2e.discovery.extras.m2e-chromatic does not contain lifecycle mapping metadata
2022-06-21 13:56:29,698 [Worker-8: Building] WARN  o.e.m.c.i.embedder.EclipseLogger - Using platform encoding (Cp1254 actually) to copy filtered resources, i.e. build is platform dependent!
2022-06-21 13:56:29,700 [Worker-8: Building] INFO  o.e.m.c.i.embedder.EclipseLogger - skip non existing resourceDirectory C:\Users\canyl\eclipse-workspace\Akbank Bootcamp\Week1\summarize\src\main\resources
2022-06-21 13:56:29,703 [Worker-8: Building] WARN  o.e.m.c.i.embedder.EclipseLogger - Using platform encoding (Cp1254 actually) to copy filtered resources, i.e. build is platform dependent!
2022-06-21 13:56:29,705 [Worker-8: Building] INFO  o.e.m.c.i.embedder.EclipseLogger - skip non existing resourceDirectory C:\Users\canyl\eclipse-workspace\Akbank Bootcamp\Week1\summarize\src\test\resources
2022-06-21 14:00:27,717 [Worker-19: Building] INFO  o.e.m.c.i.l.LifecycleMappingFactory - Using DEFAULT lifecycle mapping for MavenProject: com.apache:summarize:0.0.1-SNAPSHOT @ C:\Users\canyl\eclipse-workspace\Akbank Bootcamp\Week1\summarize\pom.xml.
2022-06-21 14:00:28,564 [AetherRepositoryConnector-repo1.maven.org-2-0] INFO  o.e.m.c.i.e.AbstractTransferListenerAdapter - Downloading https://repo1.maven.org/maven2/org/apache/maven/plugin-tools/maven-plugin-annotations/3.6.0/maven-plugin-annotations-3.6.0.jar
2022-06-21 14:00:28,626 [AetherRepositoryConnector-repo1.maven.org-2-3] INFO  o.e.m.c.i.e.AbstractTransferListenerAdapter - Downloading https://repo1.maven.org/maven2/org/apache/maven/wagon/wagon-provider-api/1.0-beta-6/wagon-provider-api-1.0-beta-6.jar
2022-06-21 14:00:28,955 [AetherRepositoryConnector-repo1.maven.org-2-3] INFO  o.e.m.c.i.e.AbstractTransferListenerAdapter - Downloaded https://repo1.maven.org/maven2/org/apache/maven/wagon/wagon-provider-api/1.0-beta-6/wagon-provider-api-1.0-beta-6.jar
2022-06-21 14:00:29,016 [AetherRepositoryConnector-repo1.maven.org-2-0] INFO  o.e.m.c.i.e.AbstractTransferListenerAdapter - Downloaded https://repo1.maven.org/maven2/org/apache/maven/plugin-tools/maven-plugin-annotations/3.6.0/maven-plugin-annotations-3.6.0.jar
2022-06-21 14:00:31,044 [Worker-20: Download sources and javadoc] INFO  o.e.m.c.i.e.AbstractTransferListenerAdapter - Downloading https://repo1.maven.org/maven2/org/apache/maven/plugin-tools/maven-plugin-annotations/3.6.0/maven-plugin-annotations-3.6.0-sources.jar
2022-06-21 14:00:31,526 [Worker-20: Download sources and javadoc] INFO  o.e.m.c.i.e.AbstractTransferListenerAdapter - Downloaded https://repo1.maven.org/maven2/org/apache/maven/plugin-tools/maven-plugin-annotations/3.6.0/maven-plugin-annotations-3.6.0-sources.jar
2022-06-21 14:00:31,628 [Worker-20: Download sources and javadoc] INFO  o.e.m.j.internal.DownloadSourcesJob - Downloaded sources for org.apache.maven.plugin-tools:maven-plugin-annotations:3.6.0
2022-06-21 14:00:31,920 [Worker-20: Download sources and javadoc] INFO  o.e.m.c.i.e.AbstractTransferListenerAdapter - Downloading https://repo1.maven.org/maven2/org/apache/maven/maven-artifact/3.0/maven-artifact-3.0-sources.jar
2022-06-21 14:00:32,692 [Worker-19: Building] WARN  o.e.m.c.i.embedder.EclipseLogger - Using platform encoding (Cp1254 actually) to copy filtered resources, i.e. build is platform dependent!
2022-06-21 14:00:32,694 [Worker-19: Building] INFO  o.e.m.c.i.embedder.EclipseLogger - skip non existing resourceDirectory C:\Users\canyl\eclipse-workspace\Akbank Bootcamp\Week1\summarize\src\main\resources
2022-06-21 14:00:32,696 [Worker-19: Building] WARN  o.e.m.c.i.embedder.EclipseLogger - Using platform encoding (Cp1254 actually) to copy filtered resources, i.e. build is platform dependent!
2022-06-21 14:00:32,697 [Worker-19: Building] INFO  o.e.m.c.i.embedder.EclipseLogger - skip non existing resourceDirectory C:\Users\canyl\eclipse-workspace\Akbank Bootcamp\Week1\summarize\src\test\resources
2022-06-21 14:00:34,068 [Worker-19: Building] WARN  o.e.m.c.i.embedder.EclipseLogger - Using platform encoding (Cp1254 actually) to copy filtered resources, i.e. build is platform dependent!
2022-06-21 14:00:34,069 [Worker-19: Building] INFO  o.e.m.c.i.embedder.EclipseLogger - skip non existing resourceDirectory C:\Users\canyl\eclipse-workspace\Akbank Bootcamp\Week1\summarize\src\main\resources
2022-06-21 14:00:34,071 [Worker-19: Building] WARN  o.e.m.c.i.embedder.EclipseLogger - Using platform encoding (Cp1254 actually) to copy filtered resources, i.e. build is platform dependent!
2022-06-21 14:00:34,072 [Worker-19: Building] INFO  o.e.m.c.i.embedder.EclipseLogger - skip non existing resourceDirectory C:\Users\canyl\eclipse-workspace\Akbank Bootcamp\Week1\summarize\src\test\resources
2022-06-21 14:00:37,451 [Worker-20: Download sources and javadoc] INFO  o.e.m.c.i.e.AbstractTransferListenerAdapter - Downloaded https://repo1.maven.org/maven2/org/apache/maven/maven-artifact/3.0/maven-artifact-3.0-sources.jar
2022-06-21 14:00:37,455 [Worker-20: Download sources and javadoc] INFO  o.e.m.j.internal.DownloadSourcesJob - Downloaded sources for org.apache.maven:maven-artifact:3.0
2022-06-21 14:00:37,718 [Worker-20: Download sources and javadoc] INFO  o.e.m.c.i.e.AbstractTransferListenerAdapter - Downloading https://repo1.maven.org/maven2/org/apache/maven/maven-project/2.2.1/maven-project-2.2.1-sources.jar
2022-06-21 14:00:38,595 [Worker-20: Download sources and javadoc] INFO  o.e.m.c.i.e.AbstractTransferListenerAdapter - Downloaded https://repo1.maven.org/maven2/org/apache/maven/maven-project/2.2.1/maven-project-2.2.1-sources.jar
2022-06-21 14:00:38,600 [Worker-20: Download sources and javadoc] INFO  o.e.m.j.internal.DownloadSourcesJob - Downloaded sources for org.apache.maven:maven-project:2.2.1
2022-06-21 14:00:38,890 [Worker-20: Download sources and javadoc] INFO  o.e.m.c.i.e.AbstractTransferListenerAdapter - Downloading https://repo1.maven.org/maven2/org/apache/maven/maven-settings/2.2.1/maven-settings-2.2.1-sources.jar
2022-06-21 14:00:39,504 [Worker-20: Download sources and javadoc] INFO  o.e.m.c.i.e.AbstractTransferListenerAdapter - Downloaded https://repo1.maven.org/maven2/org/apache/maven/maven-settings/2.2.1/maven-settings-2.2.1-sources.jar
2022-06-21 14:00:39,507 [Worker-20: Download sources and javadoc] INFO  o.e.m.j.internal.DownloadSourcesJob - Downloaded sources for org.apache.maven:maven-settings:2.2.1
2022-06-21 14:00:39,795 [Worker-20: Download sources and javadoc] INFO  o.e.m.c.i.e.AbstractTransferListenerAdapter - Downloading https://repo1.maven.org/maven2/org/apache/maven/maven-profile/2.2.1/maven-profile-2.2.1-sources.jar
2022-06-21 14:00:40,069 [Worker-20: Download sources and javadoc] INFO  o.e.m.c.i.e.AbstractTransferListenerAdapter - Downloaded https://repo1.maven.org/maven2/org/apache/maven/maven-profile/2.2.1/maven-profile-2.2.1-sources.jar
2022-06-21 14:00:40,072 [Worker-20: Download sources and javadoc] INFO  o.e.m.j.internal.DownloadSourcesJob - Downloaded sources for org.apache.maven:maven-profile:2.2.1
2022-06-21 14:00:40,335 [Worker-20: Download sources and javadoc] INFO  o.e.m.c.i.e.AbstractTransferListenerAdapter - Downloading https://repo1.maven.org/maven2/org/apache/maven/maven-model/2.2.1/maven-model-2.2.1-sources.jar
2022-06-21 14:00:40,546 [Worker-20: Download sources and javadoc] INFO  o.e.m.c.i.e.AbstractTransferListenerAdapter - Downloaded https://repo1.maven.org/maven2/org/apache/maven/maven-model/2.2.1/maven-model-2.2.1-sources.jar
2022-06-21 14:00:40,550 [Worker-20: Download sources and javadoc] INFO  o.e.m.j.internal.DownloadSourcesJob - Downloaded sources for org.apache.maven:maven-model:2.2.1
2022-06-21 14:00:40,926 [Worker-20: Download sources and javadoc] INFO  o.e.m.c.i.e.AbstractTransferListenerAdapter - Downloading https://repo1.maven.org/maven2/org/apache/maven/maven-artifact-manager/2.2.1/maven-artifact-manager-2.2.1-sources.jar
2022-06-21 14:00:41,171 [Worker-20: Download sources and javadoc] INFO  o.e.m.c.i.e.AbstractTransferListenerAdapter - Downloaded https://repo1.maven.org/maven2/org/apache/maven/maven-artifact-manager/2.2.1/maven-artifact-manager-2.2.1-sources.jar
2022-06-21 14:00:41,174 [Worker-20: Download sources and javadoc] INFO  o.e.m.j.internal.DownloadSourcesJob - Downloaded sources for org.apache.maven:maven-artifact-manager:2.2.1
2022-06-21 14:00:41,482 [Worker-20: Download sources and javadoc] INFO  o.e.m.c.i.e.AbstractTransferListenerAdapter - Downloading https://repo1.maven.org/maven2/org/apache/maven/maven-repository-metadata/2.2.1/maven-repository-metadata-2.2.1-sources.jar
2022-06-21 14:00:41,738 [Worker-20: Download sources and javadoc] INFO  o.e.m.c.i.e.AbstractTransferListenerAdapter - Downloaded https://repo1.maven.org/maven2/org/apache/maven/maven-repository-metadata/2.2.1/maven-repository-metadata-2.2.1-sources.jar
2022-06-21 14:00:41,741 [Worker-20: Download sources and javadoc] INFO  o.e.m.j.internal.DownloadSourcesJob - Downloaded sources for org.apache.maven:maven-repository-metadata:2.2.1
2022-06-21 14:00:42,020 [Worker-20: Download sources and javadoc] INFO  o.e.m.c.i.e.AbstractTransferListenerAdapter - Downloading https://repo1.maven.org/maven2/org/apache/maven/wagon/wagon-provider-api/1.0-beta-6/wagon-provider-api-1.0-beta-6-sources.jar
2022-06-21 14:00:42,204 [Worker-20: Download sources and javadoc] INFO  o.e.m.c.i.e.AbstractTransferListenerAdapter - Downloaded https://repo1.maven.org/maven2/org/apache/maven/wagon/wagon-provider-api/1.0-beta-6/wagon-provider-api-1.0-beta-6-sources.jar
2022-06-21 14:00:42,207 [Worker-20: Download sources and javadoc] INFO  o.e.m.j.internal.DownloadSourcesJob - Downloaded sources for org.apache.maven.wagon:wagon-provider-api:1.0-beta-6
2022-06-21 14:00:42,470 [Worker-20: Download sources and javadoc] INFO  o.e.m.c.i.e.AbstractTransferListenerAdapter - Downloading https://repo1.maven.org/maven2/backport-util-concurrent/backport-util-concurrent/3.1/backport-util-concurrent-3.1-sources.jar
2022-06-21 14:00:43,327 [Worker-20: Download sources and javadoc] INFO  o.e.m.c.i.e.AbstractTransferListenerAdapter - Downloaded https://repo1.maven.org/maven2/backport-util-concurrent/backport-util-concurrent/3.1/backport-util-concurrent-3.1-sources.jar
2022-06-21 14:00:43,329 [Worker-20: Download sources and javadoc] INFO  o.e.m.j.internal.DownloadSourcesJob - Downloaded sources for backport-util-concurrent:backport-util-concurrent:3.1
2022-06-21 14:00:43,592 [Worker-20: Download sources and javadoc] INFO  o.e.m.c.i.e.AbstractTransferListenerAdapter - Downloading https://repo1.maven.org/maven2/org/apache/maven/maven-plugin-registry/2.2.1/maven-plugin-registry-2.2.1-sources.jar
2022-06-21 14:00:43,776 [Worker-20: Download sources and javadoc] INFO  o.e.m.c.i.e.AbstractTransferListenerAdapter - Downloaded https://repo1.maven.org/maven2/org/apache/maven/maven-plugin-registry/2.2.1/maven-plugin-registry-2.2.1-sources.jar
2022-06-21 14:00:43,780 [Worker-20: Download sources and javadoc] INFO  o.e.m.j.internal.DownloadSourcesJob - Downloaded sources for org.apache.maven:maven-plugin-registry:2.2.1
2022-06-21 14:00:44,041 [Worker-20: Download sources and javadoc] INFO  o.e.m.c.i.e.AbstractTransferListenerAdapter - Downloading https://repo1.maven.org/maven2/org/codehaus/plexus/plexus-interpolation/1.11/plexus-interpolation-1.11-sources.jar
2022-06-21 14:00:44,184 [Worker-20: Download sources and javadoc] INFO  o.e.m.c.i.e.AbstractTransferListenerAdapter - Downloaded https://repo1.maven.org/maven2/org/codehaus/plexus/plexus-interpolation/1.11/plexus-interpolation-1.11-sources.jar
2022-06-21 14:00:44,192 [Worker-20: Download sources and javadoc] INFO  o.e.m.j.internal.DownloadSourcesJob - Downloaded sources for org.codehaus.plexus:plexus-interpolation:1.11
2022-06-21 14:00:44,633 [Worker-20: Download sources and javadoc] INFO  o.e.m.c.i.e.AbstractTransferListenerAdapter - Downloading https://repo1.maven.org/maven2/org/codehaus/plexus/plexus-utils/1.5.15/plexus-utils-1.5.15-sources.jar
2022-06-21 14:00:44,895 [Worker-20: Download sources and javadoc] INFO  o.e.m.c.i.e.AbstractTransferListenerAdapter - Downloaded https://repo1.maven.org/maven2/org/codehaus/plexus/plexus-utils/1.5.15/plexus-utils-1.5.15-sources.jar
2022-06-21 14:00:44,899 [Worker-20: Download sources and javadoc] INFO  o.e.m.j.internal.DownloadSourcesJob - Downloaded sources for org.codehaus.plexus:plexus-utils:1.5.15
2022-06-21 14:00:45,166 [Worker-20: Download sources and javadoc] INFO  o.e.m.c.i.e.AbstractTransferListenerAdapter - Downloading https://repo1.maven.org/maven2/org/codehaus/plexus/plexus-container-default/1.0-alpha-9-stable-1/plexus-container-default-1.0-alpha-9-stable-1-sources.jar
2022-06-21 14:00:45,460 [Worker-20: Download sources and javadoc] INFO  o.e.m.c.i.e.AbstractTransferListenerAdapter - Downloaded https://repo1.maven.org/maven2/org/codehaus/plexus/plexus-container-default/1.0-alpha-9-stable-1/plexus-container-default-1.0-alpha-9-stable-1-sources.jar
2022-06-21 14:00:45,464 [Worker-20: Download sources and javadoc] INFO  o.e.m.j.internal.DownloadSourcesJob - Downloaded sources for org.codehaus.plexus:plexus-container-default:1.0-alpha-9-stable-1
2022-06-21 14:00:45,717 [Worker-20: Download sources and javadoc] INFO  o.e.m.c.i.e.AbstractTransferListenerAdapter - Downloaded https://repo1.maven.org/maven2/classworlds/classworlds/1.1-alpha-2/classworlds-1.1-alpha-2-sources.jar
2022-06-21 14:00:45,784 [Worker-20: Download sources and javadoc] ERROR o.e.m.j.internal.DownloadSourcesJob - Could not download sources for classworlds:classworlds:1.1-alpha-2
org.eclipse.core.runtime.CoreException: Could not resolve artifact classworlds:classworlds:jar:sources:1.1-alpha-2
	at org.eclipse.m2e.core.internal.embedder.MavenImpl.lambda$4(MavenImpl.java:828) ~[na:na]
	at org.eclipse.m2e.core.internal.embedder.MavenExecutionContext.executeBare(MavenExecutionContext.java:182) ~[na:na]
	at org.eclipse.m2e.core.internal.embedder.MavenExecutionContext.execute(MavenExecutionContext.java:117) ~[na:na]
	at org.eclipse.m2e.core.internal.embedder.MavenExecutionContext.execute(MavenExecutionContext.java:103) ~[na:na]
	at org.eclipse.m2e.core.internal.embedder.MavenImpl.resolve(MavenImpl.java:796) ~[na:na]
	at org.eclipse.m2e.core.internal.embedder.MavenImpl.resolve(MavenImpl.java:773) ~[na:na]
	at org.eclipse.m2e.jdt.internal.DownloadSourcesJob.download(DownloadSourcesJob.java:311) ~[na:na]
	at org.eclipse.m2e.jdt.internal.DownloadSourcesJob.downloadAttachments(DownloadSourcesJob.java:285) ~[na:na]
	at org.eclipse.m2e.jdt.internal.DownloadSourcesJob.downloadMaven(DownloadSourcesJob.java:255) ~[na:na]
	at org.eclipse.m2e.jdt.internal.DownloadSourcesJob.downloadFilesAndPopulateToUpdate(DownloadSourcesJob.java:223) ~[na:na]
	at org.eclipse.m2e.jdt.internal.DownloadSourcesJob.lambda$0(DownloadSourcesJob.java:152) ~[na:na]
	at org.eclipse.m2e.core.internal.embedder.MavenExecutionContext.executeBare(MavenExecutionContext.java:182) ~[na:na]
	at org.eclipse.m2e.core.internal.embedder.MavenExecutionContext.execute(MavenExecutionContext.java:156) ~[na:na]
	at org.eclipse.m2e.core.internal.embedder.MavenExecutionContext.execute(MavenExecutionContext.java:103) ~[na:na]
	at org.eclipse.m2e.core.internal.embedder.MavenImpl.execute(MavenImpl.java:1416) ~[na:na]
	at org.eclipse.m2e.jdt.internal.DownloadSourcesJob.run(DownloadSourcesJob.java:152) ~[na:na]
	at org.eclipse.core.internal.jobs.Worker.run(Worker.java:63) ~[org.eclipse.core.jobs_3.13.0.v20220512-1935.jar:na]
2022-06-21 14:00:46,040 [Worker-15: Building] WARN  o.e.m.c.i.embedder.EclipseLogger - Using platform encoding (Cp1254 actually) to copy filtered resources, i.e. build is platform dependent!
2022-06-21 14:00:46,042 [Worker-15: Building] INFO  o.e.m.c.i.embedder.EclipseLogger - skip non existing resourceDirectory C:\Users\canyl\eclipse-workspace\Akbank Bootcamp\Week1\summarize\src\main\resources
2022-06-21 14:00:46,046 [Worker-15: Building] WARN  o.e.m.c.i.embedder.EclipseLogger - Using platform encoding (Cp1254 actually) to copy filtered resources, i.e. build is platform dependent!
2022-06-21 14:00:46,047 [Worker-15: Building] INFO  o.e.m.c.i.embedder.EclipseLogger - skip non existing resourceDirectory C:\Users\canyl\eclipse-workspace\Akbank Bootcamp\Week1\summarize\src\test\resources
2022-06-21 14:01:00,475 [Worker-20: Building] WARN  o.e.m.c.i.embedder.EclipseLogger - Using platform encoding (Cp1254 actually) to copy filtered resources, i.e. build is platform dependent!
2022-06-21 14:01:00,476 [Worker-20: Building] INFO  o.e.m.c.i.embedder.EclipseLogger - skip non existing resourceDirectory C:\Users\canyl\eclipse-workspace\Akbank Bootcamp\Week1\summarize\src\main\resources
2022-06-21 14:01:00,478 [Worker-20: Building] WARN  o.e.m.c.i.embedder.EclipseLogger - Using platform encoding (Cp1254 actually) to copy filtered resources, i.e. build is platform dependent!
2022-06-21 14:01:00,479 [Worker-20: Building] INFO  o.e.m.c.i.embedder.EclipseLogger - skip non existing resourceDirectory C:\Users\canyl\eclipse-workspace\Akbank Bootcamp\Week1\summarize\src\test\resources
2022-06-21 14:01:12,989 [Worker-15: Building] WARN  o.e.m.c.i.embedder.EclipseLogger - Using platform encoding (Cp1254 actually) to copy filtered resources, i.e. build is platform dependent!
2022-06-21 14:01:12,990 [Worker-15: Building] INFO  o.e.m.c.i.embedder.EclipseLogger - skip non existing resourceDirectory C:\Users\canyl\eclipse-workspace\Akbank Bootcamp\Week1\summarize\src\main\resources
2022-06-21 14:01:12,992 [Worker-15: Building] WARN  o.e.m.c.i.embedder.EclipseLogger - Using platform encoding (Cp1254 actually) to copy filtered resources, i.e. build is platform dependent!
2022-06-21 14:01:12,994 [Worker-15: Building] INFO  o.e.m.c.i.embedder.EclipseLogger - skip non existing resourceDirectory C:\Users\canyl\eclipse-workspace\Akbank Bootcamp\Week1\summarize\src\test\resources
2022-06-21 14:08:41,204 [Worker-22: Creating maven-archetype-mojo] INFO  o.e.m.c.i.p.ProjectConfigurationManager - Collecting project info '/pom.xml' C:\Users\canyl\eclipse-workspace\Akbank Bootcamp\Week1\summarizer\pom.xml
2022-06-21 14:08:41,843 [Worker-22: Creating maven-archetype-mojo] INFO  o.e.m.c.i.l.LifecycleMappingFactory - Using DEFAULT lifecycle mapping for MavenProject: com.apache:summarizer:0.0.1-SNAPSHOT @ C:\Users\canyl\eclipse-workspace\Akbank Bootcamp\Week1\summarizer\pom.xml.
2022-06-21 14:08:42,085 [Worker-22: Creating maven-archetype-mojo] INFO  o.e.m.j.i.AbstractJavaProjectConfigurator - Adding source folder /summarizer/src/main/java
2022-06-21 14:08:42,085 [Worker-22: Creating maven-archetype-mojo] INFO  o.e.m.j.i.AbstractJavaProjectConfigurator - Adding source folder /summarizer/src/test/java
2022-06-21 14:08:42,278 [Worker-22: Creating maven-archetype-mojo] INFO  o.e.m.c.i.p.ProjectConfigurationManager - Imported and configured 1 project(s) in 1 sec
2022-06-21 14:08:42,605 [Worker-23: Building] WARN  o.e.m.c.i.embedder.EclipseLogger - Using platform encoding (Cp1254 actually) to copy filtered resources, i.e. build is platform dependent!
2022-06-21 14:08:42,607 [Worker-23: Building] INFO  o.e.m.c.i.embedder.EclipseLogger - skip non existing resourceDirectory C:\Users\canyl\eclipse-workspace\Akbank Bootcamp\Week1\summarizer\src\main\resources
2022-06-21 14:08:42,608 [Worker-23: Building] WARN  o.e.m.c.i.embedder.EclipseLogger - Using platform encoding (Cp1254 actually) to copy filtered resources, i.e. build is platform dependent!
2022-06-21 14:08:42,609 [Worker-23: Building] INFO  o.e.m.c.i.embedder.EclipseLogger - skip non existing resourceDirectory C:\Users\canyl\eclipse-workspace\Akbank Bootcamp\Week1\summarizer\src\test\resources
2022-06-21 14:09:11,248 [Worker-22: Building] INFO  o.e.m.c.i.l.LifecycleMappingFactory - Using DEFAULT lifecycle mapping for MavenProject: com.apache:summarizer:0.0.1-SNAPSHOT @ C:\Users\canyl\eclipse-workspace\Akbank Bootcamp\Week1\summarizer\pom.xml.
2022-06-21 14:09:11,513 [Worker-22: Building] WARN  o.e.m.c.i.embedder.EclipseLogger - Using platform encoding (Cp1254 actually) to copy filtered resources, i.e. build is platform dependent!
2022-06-21 14:09:11,534 [Worker-22: Building] INFO  o.e.m.c.i.embedder.EclipseLogger - skip non existing resourceDirectory C:\Users\canyl\eclipse-workspace\Akbank Bootcamp\Week1\summarizer\src\main\resources
2022-06-21 14:09:11,537 [Worker-22: Building] WARN  o.e.m.c.i.embedder.EclipseLogger - Using platform encoding (Cp1254 actually) to copy filtered resources, i.e. build is platform dependent!
2022-06-21 14:09:11,538 [Worker-22: Building] INFO  o.e.m.c.i.embedder.EclipseLogger - skip non existing resourceDirectory C:\Users\canyl\eclipse-workspace\Akbank Bootcamp\Week1\summarizer\src\test\resources
2022-06-21 14:09:12,574 [Worker-26: Building] WARN  o.e.m.c.i.embedder.EclipseLogger - Using platform encoding (Cp1254 actually) to copy filtered resources, i.e. build is platform dependent!
2022-06-21 14:09:12,575 [Worker-26: Building] INFO  o.e.m.c.i.embedder.EclipseLogger - skip non existing resourceDirectory C:\Users\canyl\eclipse-workspace\Akbank Bootcamp\Week1\summarizer\src\main\resources
2022-06-21 14:09:12,577 [Worker-26: Building] WARN  o.e.m.c.i.embedder.EclipseLogger - Using platform encoding (Cp1254 actually) to copy filtered resources, i.e. build is platform dependent!
2022-06-21 14:09:12,578 [Worker-26: Building] INFO  o.e.m.c.i.embedder.EclipseLogger - skip non existing resourceDirectory C:\Users\canyl\eclipse-workspace\Akbank Bootcamp\Week1\summarizer\src\test\resources
2022-06-21 14:09:12,845 [Worker-27: Download sources and javadoc] INFO  o.e.m.c.i.e.AbstractTransferListenerAdapter - Downloaded https://repo1.maven.org/maven2/classworlds/classworlds/1.1-alpha-2/classworlds-1.1-alpha-2-javadoc.jar
2022-06-21 14:09:12,850 [Worker-27: Download sources and javadoc] ERROR o.e.m.j.internal.DownloadSourcesJob - Could not download javadoc for classworlds:classworlds:1.1-alpha-2
org.eclipse.core.runtime.CoreException: Could not resolve artifact classworlds:classworlds:jar:javadoc:1.1-alpha-2
	at org.eclipse.m2e.core.internal.embedder.MavenImpl.lambda$4(MavenImpl.java:828) ~[na:na]
	at org.eclipse.m2e.core.internal.embedder.MavenExecutionContext.executeBare(MavenExecutionContext.java:182) ~[na:na]
	at org.eclipse.m2e.core.internal.embedder.MavenExecutionContext.execute(MavenExecutionContext.java:117) ~[na:na]
	at org.eclipse.m2e.core.internal.embedder.MavenExecutionContext.execute(MavenExecutionContext.java:103) ~[na:na]
	at org.eclipse.m2e.core.internal.embedder.MavenImpl.resolve(MavenImpl.java:796) ~[na:na]
	at org.eclipse.m2e.core.internal.embedder.MavenImpl.resolve(MavenImpl.java:773) ~[na:na]
	at org.eclipse.m2e.jdt.internal.DownloadSourcesJob.download(DownloadSourcesJob.java:311) ~[na:na]
	at org.eclipse.m2e.jdt.internal.DownloadSourcesJob.downloadAttachments(DownloadSourcesJob.java:297) ~[na:na]
	at org.eclipse.m2e.jdt.internal.DownloadSourcesJob.downloadMaven(DownloadSourcesJob.java:255) ~[na:na]
	at org.eclipse.m2e.jdt.internal.DownloadSourcesJob.downloadFilesAndPopulateToUpdate(DownloadSourcesJob.java:223) ~[na:na]
	at org.eclipse.m2e.jdt.internal.DownloadSourcesJob.lambda$0(DownloadSourcesJob.java:152) ~[na:na]
	at org.eclipse.m2e.core.internal.embedder.MavenExecutionContext.executeBare(MavenExecutionContext.java:182) ~[na:na]
	at org.eclipse.m2e.core.internal.embedder.MavenExecutionContext.execute(MavenExecutionContext.java:156) ~[na:na]
	at org.eclipse.m2e.core.internal.embedder.MavenExecutionContext.execute(MavenExecutionContext.java:103) ~[na:na]
	at org.eclipse.m2e.core.internal.embedder.MavenImpl.execute(MavenImpl.java:1416) ~[na:na]
	at org.eclipse.m2e.jdt.internal.DownloadSourcesJob.run(DownloadSourcesJob.java:152) ~[na:na]
	at org.eclipse.core.internal.jobs.Worker.run(Worker.java:63) ~[org.eclipse.core.jobs_3.13.0.v20220512-1935.jar:na]
2022-06-21 14:09:21,125 [Worker-23: Building] WARN  o.e.m.c.i.embedder.EclipseLogger - Using platform encoding (Cp1254 actually) to copy filtered resources, i.e. build is platform dependent!
2022-06-21 14:09:21,126 [Worker-23: Building] INFO  o.e.m.c.i.embedder.EclipseLogger - skip non existing resourceDirectory C:\Users\canyl\eclipse-workspace\Akbank Bootcamp\Week1\summarizer\src\main\resources
2022-06-21 14:09:21,128 [Worker-23: Building] WARN  o.e.m.c.i.embedder.EclipseLogger - Using platform encoding (Cp1254 actually) to copy filtered resources, i.e. build is platform dependent!
2022-06-21 14:09:21,130 [Worker-23: Building] INFO  o.e.m.c.i.embedder.EclipseLogger - skip non existing resourceDirectory C:\Users\canyl\eclipse-workspace\Akbank Bootcamp\Week1\summarizer\src\test\resources
2022-06-21 14:10:04,184 [Worker-25: Building] WARN  o.e.m.c.i.embedder.EclipseLogger - Using platform encoding (Cp1254 actually) to copy filtered resources, i.e. build is platform dependent!
2022-06-21 14:10:04,187 [Worker-25: Building] INFO  o.e.m.c.i.embedder.EclipseLogger - skip non existing resourceDirectory C:\Users\canyl\eclipse-workspace\Akbank Bootcamp\Week1\summarizer\src\main\resources
2022-06-21 14:10:04,191 [Worker-25: Building] WARN  o.e.m.c.i.embedder.EclipseLogger - Using platform encoding (Cp1254 actually) to copy filtered resources, i.e. build is platform dependent!
2022-06-21 14:10:04,193 [Worker-25: Building] INFO  o.e.m.c.i.embedder.EclipseLogger - skip non existing resourceDirectory C:\Users\canyl\eclipse-workspace\Akbank Bootcamp\Week1\summarizer\src\test\resources
2022-06-21 14:10:54,300 [Worker-28: Building] INFO  o.e.m.c.i.l.LifecycleMappingFactory - Using DEFAULT lifecycle mapping for MavenProject: com.apache:summarizer:0.0.1-SNAPSHOT @ C:\Users\canyl\eclipse-workspace\Akbank Bootcamp\Week1\summarizer\pom.xml.
2022-06-21 14:10:56,511 [AetherRepositoryConnector-repo1.maven.org-3-2] INFO  o.e.m.c.i.e.AbstractTransferListenerAdapter - Downloading https://repo1.maven.org/maven2/org/apache/maven/maven-artifact/3.6.3/maven-artifact-3.6.3.jar
2022-06-21 14:10:56,621 [AetherRepositoryConnector-repo1.maven.org-3-4] INFO  o.e.m.c.i.e.AbstractTransferListenerAdapter - Downloading https://repo1.maven.org/maven2/org/eclipse/sisu/org.eclipse.sisu.plexus/0.3.4/org.eclipse.sisu.plexus-0.3.4.jar
2022-06-21 14:10:56,621 [AetherRepositoryConnector-repo1.maven.org-3-1] INFO  o.e.m.c.i.e.AbstractTransferListenerAdapter - Downloading https://repo1.maven.org/maven2/org/apache/maven/maven-model/3.6.3/maven-model-3.6.3.jar
2022-06-21 14:10:56,860 [AetherRepositoryConnector-repo1.maven.org-3-3] INFO  o.e.m.c.i.e.AbstractTransferListenerAdapter - Downloading https://repo1.maven.org/maven2/org/eclipse/sisu/org.eclipse.sisu.inject/0.3.4/org.eclipse.sisu.inject-0.3.4.jar
2022-06-21 14:10:56,933 [AetherRepositoryConnector-repo1.maven.org-3-2] INFO  o.e.m.c.i.e.AbstractTransferListenerAdapter - Downloaded https://repo1.maven.org/maven2/org/apache/maven/maven-artifact/3.6.3/maven-artifact-3.6.3.jar
2022-06-21 14:10:57,169 [AetherRepositoryConnector-repo1.maven.org-3-1] INFO  o.e.m.c.i.e.AbstractTransferListenerAdapter - Downloaded https://repo1.maven.org/maven2/org/apache/maven/maven-model/3.6.3/maven-model-3.6.3.jar
2022-06-21 14:10:57,169 [AetherRepositoryConnector-repo1.maven.org-3-4] INFO  o.e.m.c.i.e.AbstractTransferListenerAdapter - Downloaded https://repo1.maven.org/maven2/org/eclipse/sisu/org.eclipse.sisu.plexus/0.3.4/org.eclipse.sisu.plexus-0.3.4.jar
2022-06-21 14:10:57,266 [AetherRepositoryConnector-repo1.maven.org-3-3] INFO  o.e.m.c.i.e.AbstractTransferListenerAdapter - Downloaded https://repo1.maven.org/maven2/org/eclipse/sisu/org.eclipse.sisu.inject/0.3.4/org.eclipse.sisu.inject-0.3.4.jar
2022-06-21 14:10:58,895 [Worker-23: Download sources and javadoc] INFO  o.e.m.c.i.e.AbstractTransferListenerAdapter - Downloading https://repo1.maven.org/maven2/org/apache/maven/maven-plugin-api/3.6.3/maven-plugin-api-3.6.3-sources.jar
2022-06-21 14:10:59,085 [Worker-28: Building] WARN  o.e.m.c.i.embedder.EclipseLogger - Using platform encoding (Cp1254 actually) to copy filtered resources, i.e. build is platform dependent!
2022-06-21 14:10:59,086 [Worker-28: Building] INFO  o.e.m.c.i.embedder.EclipseLogger - skip non existing resourceDirectory C:\Users\canyl\eclipse-workspace\Akbank Bootcamp\Week1\summarizer\src\main\resources
2022-06-21 14:10:59,090 [Worker-28: Building] WARN  o.e.m.c.i.embedder.EclipseLogger - Using platform encoding (Cp1254 actually) to copy filtered resources, i.e. build is platform dependent!
2022-06-21 14:10:59,092 [Worker-28: Building] INFO  o.e.m.c.i.embedder.EclipseLogger - skip non existing resourceDirectory C:\Users\canyl\eclipse-workspace\Akbank Bootcamp\Week1\summarizer\src\test\resources
2022-06-21 14:10:59,547 [Worker-23: Download sources and javadoc] INFO  o.e.m.c.i.e.AbstractTransferListenerAdapter - Downloaded https://repo1.maven.org/maven2/org/apache/maven/maven-plugin-api/3.6.3/maven-plugin-api-3.6.3-sources.jar
2022-06-21 14:10:59,551 [Worker-23: Download sources and javadoc] INFO  o.e.m.j.internal.DownloadSourcesJob - Downloaded sources for org.apache.maven:maven-plugin-api:3.6.3
2022-06-21 14:10:59,844 [Worker-23: Download sources and javadoc] INFO  o.e.m.c.i.e.AbstractTransferListenerAdapter - Downloading https://repo1.maven.org/maven2/org/apache/maven/maven-model/3.6.3/maven-model-3.6.3-sources.jar
2022-06-21 14:11:00,080 [Worker-23: Download sources and javadoc] INFO  o.e.m.c.i.e.AbstractTransferListenerAdapter - Downloaded https://repo1.maven.org/maven2/org/apache/maven/maven-model/3.6.3/maven-model-3.6.3-sources.jar
2022-06-21 14:11:00,083 [Worker-23: Download sources and javadoc] INFO  o.e.m.j.internal.DownloadSourcesJob - Downloaded sources for org.apache.maven:maven-model:3.6.3
2022-06-21 14:11:00,249 [Worker-28: Building] WARN  o.e.m.c.i.embedder.EclipseLogger - Using platform encoding (Cp1254 actually) to copy filtered resources, i.e. build is platform dependent!
2022-06-21 14:11:00,251 [Worker-28: Building] INFO  o.e.m.c.i.embedder.EclipseLogger - skip non existing resourceDirectory C:\Users\canyl\eclipse-workspace\Akbank Bootcamp\Week1\summarizer\src\main\resources
2022-06-21 14:11:00,252 [Worker-28: Building] WARN  o.e.m.c.i.embedder.EclipseLogger - Using platform encoding (Cp1254 actually) to copy filtered resources, i.e. build is platform dependent!
2022-06-21 14:11:00,252 [Worker-28: Building] INFO  o.e.m.c.i.embedder.EclipseLogger - skip non existing resourceDirectory C:\Users\canyl\eclipse-workspace\Akbank Bootcamp\Week1\summarizer\src\test\resources
2022-06-21 14:11:00,345 [Worker-23: Download sources and javadoc] INFO  o.e.m.c.i.e.AbstractTransferListenerAdapter - Downloading https://repo1.maven.org/maven2/org/apache/maven/maven-artifact/3.6.3/maven-artifact-3.6.3-sources.jar
2022-06-21 14:11:01,066 [Worker-23: Download sources and javadoc] INFO  o.e.m.c.i.e.AbstractTransferListenerAdapter - Downloaded https://repo1.maven.org/maven2/org/apache/maven/maven-artifact/3.6.3/maven-artifact-3.6.3-sources.jar
2022-06-21 14:11:01,071 [Worker-23: Download sources and javadoc] INFO  o.e.m.j.internal.DownloadSourcesJob - Downloaded sources for org.apache.maven:maven-artifact:3.6.3
2022-06-21 14:11:01,324 [Worker-23: Download sources and javadoc] INFO  o.e.m.c.i.e.AbstractTransferListenerAdapter - Downloading https://repo1.maven.org/maven2/org/apache/commons/commons-lang3/3.8.1/commons-lang3-3.8.1-sources.jar
2022-06-21 14:11:02,166 [Worker-23: Download sources and javadoc] INFO  o.e.m.c.i.e.AbstractTransferListenerAdapter - Downloaded https://repo1.maven.org/maven2/org/apache/commons/commons-lang3/3.8.1/commons-lang3-3.8.1-sources.jar
2022-06-21 14:11:02,170 [Worker-23: Download sources and javadoc] INFO  o.e.m.j.internal.DownloadSourcesJob - Downloaded sources for org.apache.commons:commons-lang3:3.8.1
2022-06-21 14:11:02,590 [Worker-23: Download sources and javadoc] INFO  o.e.m.c.i.e.AbstractTransferListenerAdapter - Downloading https://repo1.maven.org/maven2/org/eclipse/sisu/org.eclipse.sisu.plexus/0.3.4/org.eclipse.sisu.plexus-0.3.4-sources.jar
2022-06-21 14:11:02,893 [Worker-23: Download sources and javadoc] INFO  o.e.m.c.i.e.AbstractTransferListenerAdapter - Downloaded https://repo1.maven.org/maven2/org/eclipse/sisu/org.eclipse.sisu.plexus/0.3.4/org.eclipse.sisu.plexus-0.3.4-sources.jar
2022-06-21 14:11:02,897 [Worker-23: Download sources and javadoc] INFO  o.e.m.j.internal.DownloadSourcesJob - Downloaded sources for org.eclipse.sisu:org.eclipse.sisu.plexus:0.3.4
2022-06-21 14:11:03,204 [Worker-23: Download sources and javadoc] INFO  o.e.m.c.i.e.AbstractTransferListenerAdapter - Downloading https://repo1.maven.org/maven2/javax/enterprise/cdi-api/1.0/cdi-api-1.0-sources.jar
2022-06-21 14:11:03,413 [Worker-23: Download sources and javadoc] INFO  o.e.m.c.i.e.AbstractTransferListenerAdapter - Downloaded https://repo1.maven.org/maven2/javax/enterprise/cdi-api/1.0/cdi-api-1.0-sources.jar
2022-06-21 14:11:03,416 [Worker-23: Download sources and javadoc] INFO  o.e.m.j.internal.DownloadSourcesJob - Downloaded sources for javax.enterprise:cdi-api:1.0
2022-06-21 14:11:03,677 [Worker-23: Download sources and javadoc] INFO  o.e.m.c.i.e.AbstractTransferListenerAdapter - Downloading https://repo1.maven.org/maven2/javax/annotation/jsr250-api/1.0/jsr250-api-1.0-sources.jar
2022-06-21 14:11:03,808 [Worker-23: Download sources and javadoc] INFO  o.e.m.c.i.e.AbstractTransferListenerAdapter - Downloaded https://repo1.maven.org/maven2/javax/annotation/jsr250-api/1.0/jsr250-api-1.0-sources.jar
2022-06-21 14:11:03,812 [Worker-23: Download sources and javadoc] INFO  o.e.m.j.internal.DownloadSourcesJob - Downloaded sources for javax.annotation:jsr250-api:1.0
2022-06-21 14:11:04,134 [Worker-23: Download sources and javadoc] INFO  o.e.m.c.i.e.AbstractTransferListenerAdapter - Downloading https://repo1.maven.org/maven2/javax/inject/javax.inject/1/javax.inject-1-sources.jar
2022-06-21 14:11:05,113 [Worker-23: Download sources and javadoc] INFO  o.e.m.c.i.e.AbstractTransferListenerAdapter - Downloaded https://repo1.maven.org/maven2/javax/inject/javax.inject/1/javax.inject-1-sources.jar
2022-06-21 14:11:05,116 [Worker-23: Download sources and javadoc] INFO  o.e.m.j.internal.DownloadSourcesJob - Downloaded sources for javax.inject:javax.inject:1
2022-06-21 14:11:05,372 [Worker-23: Download sources and javadoc] INFO  o.e.m.c.i.e.AbstractTransferListenerAdapter - Downloading https://repo1.maven.org/maven2/org/eclipse/sisu/org.eclipse.sisu.inject/0.3.4/org.eclipse.sisu.inject-0.3.4-sources.jar
2022-06-21 14:11:06,828 [Worker-23: Download sources and javadoc] INFO  o.e.m.c.i.e.AbstractTransferListenerAdapter - Downloaded https://repo1.maven.org/maven2/org/eclipse/sisu/org.eclipse.sisu.inject/0.3.4/org.eclipse.sisu.inject-0.3.4-sources.jar
2022-06-21 14:11:06,831 [Worker-23: Download sources and javadoc] INFO  o.e.m.j.internal.DownloadSourcesJob - Downloaded sources for org.eclipse.sisu:org.eclipse.sisu.inject:0.3.4
2022-06-21 14:11:07,099 [Worker-23: Download sources and javadoc] INFO  o.e.m.c.i.e.AbstractTransferListenerAdapter - Downloading https://repo1.maven.org/maven2/org/codehaus/plexus/plexus-component-annotations/1.5.5/plexus-component-annotations-1.5.5-sources.jar
2022-06-21 14:11:07,235 [Worker-23: Download sources and javadoc] INFO  o.e.m.c.i.e.AbstractTransferListenerAdapter - Downloaded https://repo1.maven.org/maven2/org/codehaus/plexus/plexus-component-annotations/1.5.5/plexus-component-annotations-1.5.5-sources.jar
2022-06-21 14:11:07,239 [Worker-23: Download sources and javadoc] INFO  o.e.m.j.internal.DownloadSourcesJob - Downloaded sources for org.codehaus.plexus:plexus-component-annotations:1.5.5
2022-06-21 14:11:07,520 [Worker-23: Download sources and javadoc] INFO  o.e.m.c.i.e.AbstractTransferListenerAdapter - Downloading https://repo1.maven.org/maven2/org/codehaus/plexus/plexus-utils/3.2.1/plexus-utils-3.2.1-sources.jar
2022-06-21 14:11:07,876 [Worker-23: Download sources and javadoc] INFO  o.e.m.c.i.e.AbstractTransferListenerAdapter - Downloaded https://repo1.maven.org/maven2/org/codehaus/plexus/plexus-utils/3.2.1/plexus-utils-3.2.1-sources.jar
2022-06-21 14:11:07,881 [Worker-23: Download sources and javadoc] INFO  o.e.m.j.internal.DownloadSourcesJob - Downloaded sources for org.codehaus.plexus:plexus-utils:3.2.1
2022-06-21 14:11:08,151 [Worker-23: Download sources and javadoc] INFO  o.e.m.c.i.e.AbstractTransferListenerAdapter - Downloading https://repo1.maven.org/maven2/org/codehaus/plexus/plexus-classworlds/2.6.0/plexus-classworlds-2.6.0-sources.jar
2022-06-21 14:11:08,397 [Worker-23: Download sources and javadoc] INFO  o.e.m.c.i.e.AbstractTransferListenerAdapter - Downloaded https://repo1.maven.org/maven2/org/codehaus/plexus/plexus-classworlds/2.6.0/plexus-classworlds-2.6.0-sources.jar
2022-06-21 14:11:08,400 [Worker-23: Download sources and javadoc] INFO  o.e.m.j.internal.DownloadSourcesJob - Downloaded sources for org.codehaus.plexus:plexus-classworlds:2.6.0
2022-06-21 14:11:08,641 [Worker-26: Building] WARN  o.e.m.c.i.embedder.EclipseLogger - Using platform encoding (Cp1254 actually) to copy filtered resources, i.e. build is platform dependent!
2022-06-21 14:11:08,643 [Worker-26: Building] INFO  o.e.m.c.i.embedder.EclipseLogger - skip non existing resourceDirectory C:\Users\canyl\eclipse-workspace\Akbank Bootcamp\Week1\summarizer\src\main\resources
2022-06-21 14:11:08,644 [Worker-26: Building] WARN  o.e.m.c.i.embedder.EclipseLogger - Using platform encoding (Cp1254 actually) to copy filtered resources, i.e. build is platform dependent!
2022-06-21 14:11:08,646 [Worker-26: Building] INFO  o.e.m.c.i.embedder.EclipseLogger - skip non existing resourceDirectory C:\Users\canyl\eclipse-workspace\Akbank Bootcamp\Week1\summarizer\src\test\resources
2022-06-21 14:19:36,805 [Worker-31: Building] WARN  o.e.m.c.i.embedder.EclipseLogger - Using platform encoding (Cp1254 actually) to copy filtered resources, i.e. build is platform dependent!
2022-06-21 14:19:36,807 [Worker-31: Building] INFO  o.e.m.c.i.embedder.EclipseLogger - skip non existing resourceDirectory C:\Users\canyl\eclipse-workspace\Akbank Bootcamp\Week1\summarizer\src\main\resources
2022-06-21 14:19:36,809 [Worker-31: Building] WARN  o.e.m.c.i.embedder.EclipseLogger - Using platform encoding (Cp1254 actually) to copy filtered resources, i.e. build is platform dependent!
2022-06-21 14:19:36,810 [Worker-31: Building] INFO  o.e.m.c.i.embedder.EclipseLogger - skip non existing resourceDirectory C:\Users\canyl\eclipse-workspace\Akbank Bootcamp\Week1\summarizer\src\test\resources
2022-06-21 14:38:57,503 [Worker-29: Building] WARN  o.e.m.c.i.embedder.EclipseLogger - Using platform encoding (Cp1254 actually) to copy filtered resources, i.e. build is platform dependent!
2022-06-21 14:38:57,505 [Worker-29: Building] INFO  o.e.m.c.i.embedder.EclipseLogger - skip non existing resourceDirectory C:\Users\canyl\eclipse-workspace\Akbank Bootcamp\Week1\summarizer\src\main\resources
2022-06-21 14:38:57,507 [Worker-29: Building] WARN  o.e.m.c.i.embedder.EclipseLogger - Using platform encoding (Cp1254 actually) to copy filtered resources, i.e. build is platform dependent!
2022-06-21 14:38:57,509 [Worker-29: Building] INFO  o.e.m.c.i.embedder.EclipseLogger - skip non existing resourceDirectory C:\Users\canyl\eclipse-workspace\Akbank Bootcamp\Week1\summarizer\src\test\resources
2022-06-21 14:51:22,135 [Worker-39: Creating maven-archetype-simple] INFO  o.e.m.c.i.p.ProjectConfigurationManager - Collecting project info '/pom.xml' C:\Users\canyl\eclipse-workspace\Akbank Bootcamp\Week1\test\pom.xml
2022-06-21 14:51:27,429 [Worker-39: Creating maven-archetype-simple] INFO  o.e.m.c.i.l.LifecycleMappingFactory - Using org.eclipse.m2e.jdt.JarLifecycleMapping lifecycle mapping for MavenProject: com.apache:test:0.0.1-SNAPSHOT @ C:\Users\canyl\eclipse-workspace\Akbank Bootcamp\Week1\test\pom.xml.
2022-06-21 14:51:28,366 [Worker-39: Creating maven-archetype-simple] INFO  o.e.m.j.i.AbstractJavaProjectConfigurator - Adding source folder /test/src/main/java
2022-06-21 14:51:28,369 [Worker-39: Creating maven-archetype-simple] INFO  o.e.m.j.i.AbstractJavaProjectConfigurator - Adding source folder /test/src/test/java
2022-06-21 14:51:28,442 [Worker-39: Creating maven-archetype-simple] INFO  o.e.m.c.i.p.ProjectConfigurationManager - Imported and configured 1 project(s) in 6 sec
2022-06-21 14:51:28,768 [Worker-40: Building] INFO  o.e.m.c.i.embedder.EclipseLogger - Using 'UTF-8' encoding to copy filtered resources.
2022-06-21 14:51:28,768 [Worker-40: Building] INFO  o.e.m.c.i.embedder.EclipseLogger - skip non existing resourceDirectory C:\Users\canyl\eclipse-workspace\Akbank Bootcamp\Week1\test\src\main\resources
2022-06-21 14:51:28,770 [Worker-40: Building] INFO  o.e.m.c.i.embedder.EclipseLogger - Using 'UTF-8' encoding to copy filtered resources.
2022-06-21 14:51:28,770 [Worker-40: Building] INFO  o.e.m.c.i.embedder.EclipseLogger - skip non existing resourceDirectory C:\Users\canyl\eclipse-workspace\Akbank Bootcamp\Week1\test\src\test\resources
2022-06-21 15:13:37,565 [Worker-48: Building] WARN  o.e.m.c.i.embedder.EclipseLogger - Using platform encoding (Cp1254 actually) to copy filtered resources, i.e. build is platform dependent!
2022-06-21 15:13:37,571 [Worker-48: Building] INFO  o.e.m.c.i.embedder.EclipseLogger - skip non existing resourceDirectory C:\Users\canyl\eclipse-workspace\Akbank Bootcamp\Week1\summarizer\src\main\resources
2022-06-21 15:13:37,572 [Worker-48: Building] WARN  o.e.m.c.i.embedder.EclipseLogger - Using platform encoding (Cp1254 actually) to copy filtered resources, i.e. build is platform dependent!
2022-06-21 15:13:37,573 [Worker-48: Building] INFO  o.e.m.c.i.embedder.EclipseLogger - skip non existing resourceDirectory C:\Users\canyl\eclipse-workspace\Akbank Bootcamp\Week1\summarizer\src\test\resources
2022-06-21 15:13:46,144 [Worker-47: Building] WARN  o.e.m.c.i.embedder.EclipseLogger - Using platform encoding (Cp1254 actually) to copy filtered resources, i.e. build is platform dependent!
2022-06-21 15:13:46,148 [Worker-47: Building] INFO  o.e.m.c.i.embedder.EclipseLogger - skip non existing resourceDirectory C:\Users\canyl\eclipse-workspace\Akbank Bootcamp\Week1\summarizer\src\main\resources
2022-06-21 15:13:46,149 [Worker-47: Building] WARN  o.e.m.c.i.embedder.EclipseLogger - Using platform encoding (Cp1254 actually) to copy filtered resources, i.e. build is platform dependent!
2022-06-21 15:13:46,150 [Worker-47: Building] INFO  o.e.m.c.i.embedder.EclipseLogger - skip non existing resourceDirectory C:\Users\canyl\eclipse-workspace\Akbank Bootcamp\Week1\summarizer\src\test\resources
2022-06-21 15:13:53,726 [Worker-44: Building] WARN  o.e.m.c.i.embedder.EclipseLogger - Using platform encoding (Cp1254 actually) to copy filtered resources, i.e. build is platform dependent!
2022-06-21 15:13:53,727 [Worker-44: Building] INFO  o.e.m.c.i.embedder.EclipseLogger - skip non existing resourceDirectory C:\Users\canyl\eclipse-workspace\Akbank Bootcamp\Week1\summarizer\src\main\resources
2022-06-21 15:13:53,728 [Worker-44: Building] WARN  o.e.m.c.i.embedder.EclipseLogger - Using platform encoding (Cp1254 actually) to copy filtered resources, i.e. build is platform dependent!
2022-06-21 15:13:53,729 [Worker-44: Building] INFO  o.e.m.c.i.embedder.EclipseLogger - skip non existing resourceDirectory C:\Users\canyl\eclipse-workspace\Akbank Bootcamp\Week1\summarizer\src\test\resources
2022-06-21 15:13:57,027 [Worker-48: Building] WARN  o.e.m.c.i.embedder.EclipseLogger - Using platform encoding (Cp1254 actually) to copy filtered resources, i.e. build is platform dependent!
2022-06-21 15:13:57,028 [Worker-48: Building] INFO  o.e.m.c.i.embedder.EclipseLogger - skip non existing resourceDirectory C:\Users\canyl\eclipse-workspace\Akbank Bootcamp\Week1\summarizer\src\main\resources
2022-06-21 15:13:57,030 [Worker-48: Building] WARN  o.e.m.c.i.embedder.EclipseLogger - Using platform encoding (Cp1254 actually) to copy filtered resources, i.e. build is platform dependent!
2022-06-21 15:13:57,032 [Worker-48: Building] INFO  o.e.m.c.i.embedder.EclipseLogger - skip non existing resourceDirectory C:\Users\canyl\eclipse-workspace\Akbank Bootcamp\Week1\summarizer\src\test\resources
2022-06-21 16:15:54,689 [Worker-71: Building] WARN  o.e.m.c.i.embedder.EclipseLogger - Using platform encoding (Cp1254 actually) to copy filtered resources, i.e. build is platform dependent!
2022-06-21 16:15:54,726 [Worker-71: Building] INFO  o.e.m.c.i.embedder.EclipseLogger - skip non existing resourceDirectory C:\Users\canyl\eclipse-workspace\Akbank Bootcamp\Week1\summarizer\src\main\resources
2022-06-21 16:15:54,727 [Worker-71: Building] WARN  o.e.m.c.i.embedder.EclipseLogger - Using platform encoding (Cp1254 actually) to copy filtered resources, i.e. build is platform dependent!
2022-06-21 16:15:54,728 [Worker-71: Building] INFO  o.e.m.c.i.embedder.EclipseLogger - skip non existing resourceDirectory C:\Users\canyl\eclipse-workspace\Akbank Bootcamp\Week1\summarizer\src\test\resources
2022-06-21 16:16:56,990 [main] INFO  o.e.m2e.actions.ExecutePomAction - Creating new launch configuration
2022-06-21 16:17:40,654 [Worker-68: Launching summarizer] INFO  o.e.m.i.launch.MavenLaunchDelegate - C:\Users\canyl\eclipse-workspace\Akbank Bootcamp\Week1\summarizer
2022-06-21 16:17:40,657 [Worker-68: Launching summarizer] INFO  o.e.m.i.launch.MavenLaunchDelegate -  mvn -B clean install
2022-06-21 16:18:46,477 [Worker-73: Building] INFO  o.e.m.c.i.l.LifecycleMappingFactory - Using DEFAULT lifecycle mapping for MavenProject: com.apache:summarizer:0.0.1-SNAPSHOT @ C:\Users\canyl\eclipse-workspace\Akbank Bootcamp\Week1\summarizer\pom.xml.
2022-06-21 16:18:46,741 [Worker-73: Building] INFO  o.e.m.c.i.embedder.EclipseLogger - Using 'UTF-8' encoding to copy filtered resources.
2022-06-21 16:18:46,742 [Worker-73: Building] INFO  o.e.m.c.i.embedder.EclipseLogger - skip non existing resourceDirectory C:\Users\canyl\eclipse-workspace\Akbank Bootcamp\Week1\summarizer\src\main\resources
2022-06-21 16:18:46,744 [Worker-73: Building] INFO  o.e.m.c.i.embedder.EclipseLogger - Using 'UTF-8' encoding to copy filtered resources.
2022-06-21 16:18:46,745 [Worker-73: Building] INFO  o.e.m.c.i.embedder.EclipseLogger - skip non existing resourceDirectory C:\Users\canyl\eclipse-workspace\Akbank Bootcamp\Week1\summarizer\src\test\resources
2022-06-21 16:19:16,207 [main] INFO  o.e.m2e.actions.ExecutePomAction - Creating new launch configuration
2022-06-21 16:19:35,101 [Worker-73: Launching summarizer (1)] INFO  o.e.m.i.launch.MavenLaunchDelegate - C:\Users\canyl\eclipse-workspace\Akbank Bootcamp\Week1\summarizer
2022-06-21 16:19:35,101 [Worker-73: Launching summarizer (1)] INFO  o.e.m.i.launch.MavenLaunchDelegate -  mvn -B clean install
2022-06-21 16:25:29,580 [Worker-75: Building] INFO  o.e.m.c.i.l.LifecycleMappingFactory - Using org.eclipse.m2e.jdt.JarLifecycleMapping lifecycle mapping for MavenProject: com.apache:test:0.0.1-SNAPSHOT @ C:\Users\canyl\eclipse-workspace\Akbank Bootcamp\Week1\test\pom.xml.
2022-06-21 16:25:29,979 [Worker-75: Building] INFO  o.e.m.c.i.embedder.EclipseLogger - Using 'UTF-8' encoding to copy filtered resources.
2022-06-21 16:25:29,993 [Worker-75: Building] INFO  o.e.m.c.i.embedder.EclipseLogger - skip non existing resourceDirectory C:\Users\canyl\eclipse-workspace\Akbank Bootcamp\Week1\test\src\main\resources
2022-06-21 16:25:29,995 [Worker-75: Building] INFO  o.e.m.c.i.embedder.EclipseLogger - Using 'UTF-8' encoding to copy filtered resources.
2022-06-21 16:25:29,997 [Worker-75: Building] INFO  o.e.m.c.i.embedder.EclipseLogger - skip non existing resourceDirectory C:\Users\canyl\eclipse-workspace\Akbank Bootcamp\Week1\test\src\test\resources
2022-06-21 16:26:17,166 [Worker-77: Launching Executing clean in C__Users_canyl_eclipse-workspace_Akbank Bootcamp_Week1_test] INFO  o.e.m.i.launch.MavenLaunchDelegate - C:\Users\canyl\eclipse-workspace\Akbank Bootcamp\Week1\test
2022-06-21 16:26:17,166 [Worker-77: Launching Executing clean in C__Users_canyl_eclipse-workspace_Akbank Bootcamp_Week1_test] INFO  o.e.m.i.launch.MavenLaunchDelegate -  mvn -B clean
2022-06-21 16:26:22,525 [Worker-78: Building] INFO  o.e.m.c.i.embedder.EclipseLogger - Using 'UTF-8' encoding to copy filtered resources.
2022-06-21 16:26:22,525 [Worker-78: Building] INFO  o.e.m.c.i.embedder.EclipseLogger - skip non existing resourceDirectory C:\Users\canyl\eclipse-workspace\Akbank Bootcamp\Week1\test\src\main\resources
2022-06-21 16:26:22,527 [Worker-78: Building] INFO  o.e.m.c.i.embedder.EclipseLogger - Using 'UTF-8' encoding to copy filtered resources.
2022-06-21 16:26:22,527 [Worker-78: Building] INFO  o.e.m.c.i.embedder.EclipseLogger - skip non existing resourceDirectory C:\Users\canyl\eclipse-workspace\Akbank Bootcamp\Week1\test\src\test\resources
2022-06-21 16:26:30,013 [main] INFO  o.e.m2e.actions.ExecutePomAction - Creating new launch configuration
2022-06-21 16:26:38,712 [Worker-77: Launching test] INFO  o.e.m.i.launch.MavenLaunchDelegate - C:\Users\canyl\eclipse-workspace\Akbank Bootcamp\Week1\test
2022-06-21 16:26:38,713 [Worker-77: Launching test] INFO  o.e.m.i.launch.MavenLaunchDelegate -  mvn -B compile
2022-06-21 16:34:17,733 [Worker-81: Building] INFO  o.e.m.c.i.embedder.EclipseLogger - Using 'UTF-8' encoding to copy filtered resources.
2022-06-21 16:34:17,734 [Worker-81: Building] INFO  o.e.m.c.i.embedder.EclipseLogger - skip non existing resourceDirectory C:\Users\canyl\eclipse-workspace\Akbank Bootcamp\Week1\summarizer\src\main\resources
2022-06-21 16:34:17,736 [Worker-81: Building] INFO  o.e.m.c.i.embedder.EclipseLogger - Using 'UTF-8' encoding to copy filtered resources.
2022-06-21 16:34:17,736 [Worker-81: Building] INFO  o.e.m.c.i.embedder.EclipseLogger - skip non existing resourceDirectory C:\Users\canyl\eclipse-workspace\Akbank Bootcamp\Week1\summarizer\src\test\resources
2022-06-21 16:34:23,951 [main] INFO  o.e.m2e.actions.ExecutePomAction - Creating new launch configuration
2022-06-21 16:35:08,786 [main] INFO  o.e.m2e.actions.ExecutePomAction - Creating new launch configuration
2022-06-21 16:35:17,393 [Worker-81: Launching summarizer (2)] INFO  o.e.m.i.launch.MavenLaunchDelegate - C:\Users\canyl\eclipse-workspace\Akbank Bootcamp\Week1\summarizer
2022-06-21 16:35:17,393 [Worker-81: Launching summarizer (2)] INFO  o.e.m.i.launch.MavenLaunchDelegate -  mvn -B clean install
2022-06-21 16:35:30,927 [main] INFO  o.e.m2e.actions.ExecutePomAction - Creating new launch configuration
2022-06-21 16:35:38,012 [Worker-82: Launching test (2)] INFO  o.e.m.i.launch.MavenLaunchDelegate - C:\Users\canyl\eclipse-workspace\Akbank Bootcamp\Week1\test
2022-06-21 16:35:38,012 [Worker-82: Launching test (2)] INFO  o.e.m.i.launch.MavenLaunchDelegate -  mvn -B compile
2022-06-21 16:36:27,565 [Worker-77: Building] INFO  o.e.m.c.i.embedder.EclipseLogger - Using 'UTF-8' encoding to copy filtered resources.
2022-06-21 16:36:27,565 [Worker-77: Building] INFO  o.e.m.c.i.embedder.EclipseLogger - skip non existing resourceDirectory C:\Users\canyl\eclipse-workspace\Akbank Bootcamp\Week1\test\src\main\resources
2022-06-21 16:36:27,566 [Worker-77: Building] INFO  o.e.m.c.i.embedder.EclipseLogger - Using 'UTF-8' encoding to copy filtered resources.
2022-06-21 16:36:27,566 [Worker-77: Building] INFO  o.e.m.c.i.embedder.EclipseLogger - skip non existing resourceDirectory C:\Users\canyl\eclipse-workspace\Akbank Bootcamp\Week1\test\src\test\resources
2022-06-21 16:36:37,107 [main] INFO  o.e.m2e.actions.ExecutePomAction - Creating new launch configuration
2022-06-21 16:37:06,226 [Worker-77: Launching test (3)] INFO  o.e.m.i.launch.MavenLaunchDelegate - C:\Users\canyl\eclipse-workspace\Akbank Bootcamp\Week1\test
2022-06-21 16:37:06,226 [Worker-77: Launching test (3)] INFO  o.e.m.i.launch.MavenLaunchDelegate -  mvn -B compile
2022-06-21 16:46:27,821 [Worker-86: Launching test (3)] INFO  o.e.m.i.launch.MavenLaunchDelegate - C:\Users\canyl\eclipse-workspace\Akbank Bootcamp\Week1\test
2022-06-21 16:46:27,821 [Worker-86: Launching test (3)] INFO  o.e.m.i.launch.MavenLaunchDelegate -  mvn -B compile
2022-06-21 16:46:53,972 [main] INFO  o.e.m2e.actions.ExecutePomAction - Creating new launch configuration
2022-06-21 16:47:03,530 [main] INFO  o.e.m2e.actions.ExecutePomAction - Creating new launch configuration
2022-06-21 16:47:12,310 [Worker-86: Launching summarizer (4)] INFO  o.e.m.i.launch.MavenLaunchDelegate - C:\Users\canyl\eclipse-workspace\Akbank Bootcamp\Week1\summarizer
2022-06-21 16:47:12,310 [Worker-86: Launching summarizer (4)] INFO  o.e.m.i.launch.MavenLaunchDelegate -  mvn -B clean install
2022-06-21 16:48:55,439 [Worker-79: Building] INFO  o.e.m.c.i.embedder.EclipseLogger - Using 'UTF-8' encoding to copy filtered resources.
2022-06-21 16:48:55,439 [Worker-79: Building] INFO  o.e.m.c.i.embedder.EclipseLogger - skip non existing resourceDirectory C:\Users\canyl\eclipse-workspace\Akbank Bootcamp\Week1\summarizer\src\main\resources
2022-06-21 16:48:55,440 [Worker-79: Building] INFO  o.e.m.c.i.embedder.EclipseLogger - Using 'UTF-8' encoding to copy filtered resources.
2022-06-21 16:48:55,440 [Worker-79: Building] INFO  o.e.m.c.i.embedder.EclipseLogger - skip non existing resourceDirectory C:\Users\canyl\eclipse-workspace\Akbank Bootcamp\Week1\summarizer\src\test\resources
2022-06-21 16:48:57,995 [Worker-79: Launching summarizer (4)] INFO  o.e.m.i.launch.MavenLaunchDelegate - C:\Users\canyl\eclipse-workspace\Akbank Bootcamp\Week1\summarizer
2022-06-21 16:48:57,996 [Worker-79: Launching summarizer (4)] INFO  o.e.m.i.launch.MavenLaunchDelegate -  mvn -B clean install
2022-06-21 16:51:50,362 [Worker-91: Building] INFO  o.e.m.c.i.embedder.EclipseLogger - Using 'UTF-8' encoding to copy filtered resources.
2022-06-21 16:51:50,362 [Worker-91: Building] INFO  o.e.m.c.i.embedder.EclipseLogger - skip non existing resourceDirectory C:\Users\canyl\eclipse-workspace\Akbank Bootcamp\Week1\summarizer\src\main\resources
2022-06-21 16:51:50,364 [Worker-91: Building] INFO  o.e.m.c.i.embedder.EclipseLogger - Using 'UTF-8' encoding to copy filtered resources.
2022-06-21 16:51:50,364 [Worker-91: Building] INFO  o.e.m.c.i.embedder.EclipseLogger - skip non existing resourceDirectory C:\Users\canyl\eclipse-workspace\Akbank Bootcamp\Week1\summarizer\src\test\resources
2022-06-21 16:52:21,772 [main] INFO  o.e.m2e.actions.ExecutePomAction - Creating new launch configuration
2022-06-21 16:52:29,475 [Worker-92: Launching summarizer (5)] INFO  o.e.m.i.launch.MavenLaunchDelegate - C:\Users\canyl\eclipse-workspace\Akbank Bootcamp\Week1\summarizer
2022-06-21 16:52:29,475 [Worker-92: Launching summarizer (5)] INFO  o.e.m.i.launch.MavenLaunchDelegate -  mvn -B clean install
2022-06-21 16:52:50,258 [main] INFO  o.e.m2e.actions.ExecutePomAction - Creating new launch configuration
2022-06-21 16:52:59,982 [Worker-90: Launching test (4)] INFO  o.e.m.i.launch.MavenLaunchDelegate - C:\Users\canyl\eclipse-workspace\Akbank Bootcamp\Week1\test
2022-06-21 16:52:59,983 [Worker-90: Launching test (4)] INFO  o.e.m.i.launch.MavenLaunchDelegate -  mvn -B clean install
2022-06-21 16:57:05,555 [Worker-90: Building] INFO  o.e.m.c.i.embedder.EclipseLogger - Using 'UTF-8' encoding to copy filtered resources.
2022-06-21 16:57:05,555 [Worker-90: Building] INFO  o.e.m.c.i.embedder.EclipseLogger - skip non existing resourceDirectory C:\Users\canyl\eclipse-workspace\Akbank Bootcamp\Week1\summarizer\src\main\resources
2022-06-21 16:57:05,557 [Worker-90: Building] INFO  o.e.m.c.i.embedder.EclipseLogger - Using 'UTF-8' encoding to copy filtered resources.
2022-06-21 16:57:05,557 [Worker-90: Building] INFO  o.e.m.c.i.embedder.EclipseLogger - skip non existing resourceDirectory C:\Users\canyl\eclipse-workspace\Akbank Bootcamp\Week1\summarizer\src\test\resources
2022-06-21 16:57:15,603 [main] INFO  o.e.m2e.actions.ExecutePomAction - Creating new launch configuration
2022-06-21 16:57:31,117 [Worker-93: Launching summarizer (6)] INFO  o.e.m.i.launch.MavenLaunchDelegate - C:\Users\canyl\eclipse-workspace\Akbank Bootcamp\Week1\summarizer
2022-06-21 16:57:31,117 [Worker-93: Launching summarizer (6)] INFO  o.e.m.i.launch.MavenLaunchDelegate -  mvn -B -X -e clean install
2022-06-21 16:58:38,660 [main] INFO  o.e.m2e.actions.ExecutePomAction - Creating new launch configuration
2022-06-21 16:58:53,411 [Worker-96: Launching test (5)] INFO  o.e.m.i.launch.MavenLaunchDelegate - C:\Users\canyl\eclipse-workspace\Akbank Bootcamp\Week1\test
2022-06-21 16:58:53,411 [Worker-96: Launching test (5)] INFO  o.e.m.i.launch.MavenLaunchDelegate -  mvn -B clean install
2022-06-21 17:05:34,236 [main] INFO  o.e.m2e.actions.ExecutePomAction - Creating new launch configuration
2022-06-21 17:06:43,717 [main] INFO  o.e.m2e.actions.ExecutePomAction - Creating new launch configuration
2022-06-21 17:06:52,368 [Worker-90: Launching test (7)] INFO  o.e.m.i.launch.MavenLaunchDelegate - C:\Users\canyl\eclipse-workspace\Akbank Bootcamp\Week1\test
2022-06-21 17:06:52,368 [Worker-90: Launching test (7)] INFO  o.e.m.i.launch.MavenLaunchDelegate -  mvn -B compile
2022-06-21 17:08:55,216 [Worker-104: Building] INFO  o.e.m.c.i.l.LifecycleMappingFactory - Using org.eclipse.m2e.jdt.JarLifecycleMapping lifecycle mapping for MavenProject: com.apache:test:0.0.1-SNAPSHOT @ C:\Users\canyl\eclipse-workspace\Akbank Bootcamp\Week1\test\pom.xml.
2022-06-21 17:08:55,377 [Worker-104: Building] INFO  o.e.m.c.i.embedder.EclipseLogger - Using 'UTF-8' encoding to copy filtered resources.
2022-06-21 17:08:55,378 [Worker-104: Building] INFO  o.e.m.c.i.embedder.EclipseLogger - skip non existing resourceDirectory C:\Users\canyl\eclipse-workspace\Akbank Bootcamp\Week1\test\src\main\resources
2022-06-21 17:08:55,380 [Worker-104: Building] INFO  o.e.m.c.i.embedder.EclipseLogger - Using 'UTF-8' encoding to copy filtered resources.
2022-06-21 17:08:55,380 [Worker-104: Building] INFO  o.e.m.c.i.embedder.EclipseLogger - skip non existing resourceDirectory C:\Users\canyl\eclipse-workspace\Akbank Bootcamp\Week1\test\src\test\resources
2022-06-21 17:09:06,992 [Worker-103: Building] INFO  o.e.m.c.i.l.LifecycleMappingFactory - Using org.eclipse.m2e.jdt.JarLifecycleMapping lifecycle mapping for MavenProject: com.apache:test:0.0.1-SNAPSHOT @ C:\Users\canyl\eclipse-workspace\Akbank Bootcamp\Week1\test\pom.xml.
2022-06-21 17:09:07,141 [Worker-103: Building] INFO  o.e.m.c.i.embedder.EclipseLogger - Using 'UTF-8' encoding to copy filtered resources.
2022-06-21 17:09:07,141 [Worker-103: Building] INFO  o.e.m.c.i.embedder.EclipseLogger - skip non existing resourceDirectory C:\Users\canyl\eclipse-workspace\Akbank Bootcamp\Week1\test\src\main\resources
2022-06-21 17:09:07,143 [Worker-103: Building] INFO  o.e.m.c.i.embedder.EclipseLogger - Using 'UTF-8' encoding to copy filtered resources.
2022-06-21 17:09:07,143 [Worker-103: Building] INFO  o.e.m.c.i.embedder.EclipseLogger - skip non existing resourceDirectory C:\Users\canyl\eclipse-workspace\Akbank Bootcamp\Week1\test\src\test\resources
2022-06-21 17:09:12,876 [main] INFO  o.e.m2e.actions.ExecutePomAction - Creating new launch configuration
2022-06-21 17:09:20,928 [Worker-105: Launching test (8)] INFO  o.e.m.i.launch.MavenLaunchDelegate - C:\Users\canyl\eclipse-workspace\Akbank Bootcamp\Week1\test
2022-06-21 17:09:20,928 [Worker-105: Launching test (8)] INFO  o.e.m.i.launch.MavenLaunchDelegate -  mvn -B clean install
2022-06-21 17:16:10,248 [Worker-107: Building] INFO  o.e.m.c.i.l.LifecycleMappingFactory - Using org.eclipse.m2e.jdt.JarLifecycleMapping lifecycle mapping for MavenProject: com.apache:test:0.0.1-SNAPSHOT @ C:\Users\canyl\eclipse-workspace\Akbank Bootcamp\Week1\test\pom.xml.
2022-06-21 17:16:10,803 [Worker-107: Building] INFO  o.e.m.c.i.embedder.EclipseLogger - Using 'UTF-8' encoding to copy filtered resources.
2022-06-21 17:16:10,803 [Worker-107: Building] INFO  o.e.m.c.i.embedder.EclipseLogger - skip non existing resourceDirectory C:\Users\canyl\eclipse-workspace\Akbank Bootcamp\Week1\test\src\main\resources
2022-06-21 17:16:10,806 [Worker-107: Building] INFO  o.e.m.c.i.embedder.EclipseLogger - Using 'UTF-8' encoding to copy filtered resources.
2022-06-21 17:16:10,806 [Worker-107: Building] INFO  o.e.m.c.i.embedder.EclipseLogger - skip non existing resourceDirectory C:\Users\canyl\eclipse-workspace\Akbank Bootcamp\Week1\test\src\test\resources
2022-06-21 17:16:17,779 [main] INFO  o.e.m2e.actions.ExecutePomAction - Creating new launch configuration
2022-06-21 17:16:23,793 [Worker-105: Launching summarizer (7)] INFO  o.e.m.i.launch.MavenLaunchDelegate - C:\Users\canyl\eclipse-workspace\Akbank Bootcamp\Week1\summarizer
2022-06-21 17:16:23,794 [Worker-105: Launching summarizer (7)] INFO  o.e.m.i.launch.MavenLaunchDelegate -  mvn -B compile
2022-06-21 17:24:38,426 [Worker-110: Building] INFO  o.e.m.c.i.l.LifecycleMappingFactory - Using org.eclipse.m2e.jdt.JarLifecycleMapping lifecycle mapping for MavenProject: com.apache:test:0.0.1-SNAPSHOT @ C:\Users\canyl\eclipse-workspace\Akbank Bootcamp\Week1\test\pom.xml.
2022-06-21 17:24:38,516 [Worker-110: Building] INFO  o.e.m.c.i.embedder.EclipseLogger - Using 'UTF-8' encoding to copy filtered resources.
2022-06-21 17:24:38,516 [Worker-110: Building] INFO  o.e.m.c.i.embedder.EclipseLogger - skip non existing resourceDirectory C:\Users\canyl\eclipse-workspace\Akbank Bootcamp\Week1\test\src\main\resources
2022-06-21 17:24:38,517 [Worker-110: Building] INFO  o.e.m.c.i.embedder.EclipseLogger - Using 'UTF-8' encoding to copy filtered resources.
2022-06-21 17:24:38,518 [Worker-110: Building] INFO  o.e.m.c.i.embedder.EclipseLogger - skip non existing resourceDirectory C:\Users\canyl\eclipse-workspace\Akbank Bootcamp\Week1\test\src\test\resources
2022-06-21 17:28:49,210 [main] INFO  o.e.m2e.actions.ExecutePomAction - Creating new launch configuration
2022-06-21 17:28:56,654 [Worker-112: Launching test (9)] INFO  o.e.m.i.launch.MavenLaunchDelegate - C:\Users\canyl\eclipse-workspace\Akbank Bootcamp\Week1\test
2022-06-21 17:28:56,654 [Worker-112: Launching test (9)] INFO  o.e.m.i.launch.MavenLaunchDelegate -  mvn -B clean install
2022-06-21 17:51:15,815 [Worker-119: Building] INFO  o.e.m.c.i.l.LifecycleMappingFactory - Using org.eclipse.m2e.jdt.JarLifecycleMapping lifecycle mapping for MavenProject: com.apache:test:0.0.1-SNAPSHOT @ C:\Users\canyl\eclipse-workspace\Akbank Bootcamp\Week1\test\pom.xml.
2022-06-21 17:51:16,991 [Worker-119: Building] WARN  o.e.m.c.i.embedder.EclipseLogger - Using platform encoding (Cp1254 actually) to copy filtered resources, i.e. build is platform dependent!
2022-06-21 17:51:16,991 [Worker-119: Building] INFO  o.e.m.c.i.embedder.EclipseLogger - skip non existing resourceDirectory C:\Users\canyl\eclipse-workspace\Akbank Bootcamp\Week1\test\src\main\resources
2022-06-21 17:51:16,993 [Worker-119: Building] WARN  o.e.m.c.i.embedder.EclipseLogger - Using platform encoding (Cp1254 actually) to copy filtered resources, i.e. build is platform dependent!
2022-06-21 17:51:16,994 [Worker-119: Building] INFO  o.e.m.c.i.embedder.EclipseLogger - skip non existing resourceDirectory C:\Users\canyl\eclipse-workspace\Akbank Bootcamp\Week1\test\src\test\resources
2022-06-21 17:57:04,587 [Worker-129: Building] INFO  o.e.m.c.i.l.LifecycleMappingFactory - Using org.eclipse.m2e.jdt.JarLifecycleMapping lifecycle mapping for MavenProject: com.apache:test:0.0.1-SNAPSHOT @ C:\Users\canyl\eclipse-workspace\Akbank Bootcamp\Week1\test\pom.xml.
2022-06-21 17:57:04,686 [Worker-129: Building] WARN  o.e.m.c.i.embedder.EclipseLogger - Using platform encoding (Cp1254 actually) to copy filtered resources, i.e. build is platform dependent!
2022-06-21 17:57:04,687 [Worker-129: Building] INFO  o.e.m.c.i.embedder.EclipseLogger - skip non existing resourceDirectory C:\Users\canyl\eclipse-workspace\Akbank Bootcamp\Week1\test\src\main\resources
2022-06-21 17:57:04,689 [Worker-129: Building] WARN  o.e.m.c.i.embedder.EclipseLogger - Using platform encoding (Cp1254 actually) to copy filtered resources, i.e. build is platform dependent!
2022-06-21 17:57:04,690 [Worker-129: Building] INFO  o.e.m.c.i.embedder.EclipseLogger - skip non existing resourceDirectory C:\Users\canyl\eclipse-workspace\Akbank Bootcamp\Week1\test\src\test\resources
2022-06-21 17:58:33,210 [main] INFO  o.e.m2e.actions.ExecutePomAction - Creating new launch configuration
2022-06-21 17:58:56,889 [Worker-131: Launching summarizer (8)] INFO  o.e.m.i.launch.MavenLaunchDelegate - C:\Users\canyl\eclipse-workspace\Akbank Bootcamp\Week1\summarizer
2022-06-21 17:58:56,889 [Worker-131: Launching summarizer (8)] INFO  o.e.m.i.launch.MavenLaunchDelegate -  mvn -B clean install
2022-06-21 17:59:22,376 [main] INFO  o.e.m2e.actions.ExecutePomAction - Creating new launch configuration
2022-06-21 17:59:32,534 [Worker-124: Launching test (10)] INFO  o.e.m.i.launch.MavenLaunchDelegate - C:\Users\canyl\eclipse-workspace\Akbank Bootcamp\Week1\test
2022-06-21 17:59:32,535 [Worker-124: Launching test (10)] INFO  o.e.m.i.launch.MavenLaunchDelegate -  mvn -B clean install
2022-06-21 18:16:50,225 [Worker-134: Building] INFO  o.e.m.c.i.embedder.EclipseLogger - Using 'UTF-8' encoding to copy filtered resources.
2022-06-21 18:16:50,225 [Worker-134: Building] INFO  o.e.m.c.i.embedder.EclipseLogger - skip non existing resourceDirectory C:\Users\canyl\eclipse-workspace\Akbank Bootcamp\Week1\summarizer\src\main\resources
2022-06-21 18:16:50,227 [Worker-134: Building] INFO  o.e.m.c.i.embedder.EclipseLogger - Using 'UTF-8' encoding to copy filtered resources.
2022-06-21 18:16:50,228 [Worker-134: Building] INFO  o.e.m.c.i.embedder.EclipseLogger - skip non existing resourceDirectory C:\Users\canyl\eclipse-workspace\Akbank Bootcamp\Week1\summarizer\src\test\resources
2022-06-21 18:19:40,448 [Worker-136: Building] INFO  o.e.m.c.i.embedder.EclipseLogger - Using 'UTF-8' encoding to copy filtered resources.
2022-06-21 18:19:40,449 [Worker-136: Building] INFO  o.e.m.c.i.embedder.EclipseLogger - skip non existing resourceDirectory C:\Users\canyl\eclipse-workspace\Akbank Bootcamp\Week1\summarizer\src\main\resources
2022-06-21 18:19:40,450 [Worker-136: Building] INFO  o.e.m.c.i.embedder.EclipseLogger - Using 'UTF-8' encoding to copy filtered resources.
2022-06-21 18:19:40,450 [Worker-136: Building] INFO  o.e.m.c.i.embedder.EclipseLogger - skip non existing resourceDirectory C:\Users\canyl\eclipse-workspace\Akbank Bootcamp\Week1\summarizer\src\test\resources
2022-06-21 22:15:40,397 [Worker-163: Building] INFO  o.e.m.c.i.l.LifecycleMappingFactory - Using org.eclipse.m2e.jdt.JarLifecycleMapping lifecycle mapping for MavenProject: com.apache:test:0.0.1-SNAPSHOT @ C:\Users\canyl\eclipse-workspace\Akbank Bootcamp\Week1\test\pom.xml.
2022-06-21 22:15:41,390 [Worker-163: Building] WARN  o.e.m.c.i.embedder.EclipseLogger - Using platform encoding (Cp1254 actually) to copy filtered resources, i.e. build is platform dependent!
2022-06-21 22:15:41,391 [Worker-163: Building] INFO  o.e.m.c.i.embedder.EclipseLogger - skip non existing resourceDirectory C:\Users\canyl\eclipse-workspace\Akbank Bootcamp\Week1\test\src\main\resources
2022-06-21 22:15:41,393 [Worker-163: Building] WARN  o.e.m.c.i.embedder.EclipseLogger - Using platform encoding (Cp1254 actually) to copy filtered resources, i.e. build is platform dependent!
2022-06-21 22:15:41,394 [Worker-163: Building] INFO  o.e.m.c.i.embedder.EclipseLogger - skip non existing resourceDirectory C:\Users\canyl\eclipse-workspace\Akbank Bootcamp\Week1\test\src\test\resources
2022-06-21 22:16:26,115 [Worker-149: Building] INFO  o.e.m.c.i.embedder.EclipseLogger - Using 'UTF-8' encoding to copy filtered resources.
2022-06-21 22:16:26,115 [Worker-149: Building] INFO  o.e.m.c.i.embedder.EclipseLogger - skip non existing resourceDirectory C:\Users\canyl\eclipse-workspace\Akbank Bootcamp\Week1\summarizer\src\main\resources
2022-06-21 22:16:26,116 [Worker-149: Building] INFO  o.e.m.c.i.embedder.EclipseLogger - Using 'UTF-8' encoding to copy filtered resources.
2022-06-21 22:16:26,117 [Worker-149: Building] INFO  o.e.m.c.i.embedder.EclipseLogger - skip non existing resourceDirectory C:\Users\canyl\eclipse-workspace\Akbank Bootcamp\Week1\summarizer\src\test\resources
2022-06-21 22:16:39,208 [main] INFO  o.e.m2e.actions.ExecutePomAction - Creating new launch configuration
2022-06-21 22:16:47,919 [Worker-161: Launching summarizer (9)] INFO  o.e.m.i.launch.MavenLaunchDelegate - C:\Users\canyl\eclipse-workspace\Akbank Bootcamp\Week1\summarizer
2022-06-21 22:16:47,921 [Worker-161: Launching summarizer (9)] INFO  o.e.m.i.launch.MavenLaunchDelegate -  mvn -B clean install
2022-06-21 22:17:11,624 [main] INFO  o.e.m2e.actions.ExecutePomAction - Creating new launch configuration
2022-06-21 22:18:15,029 [Worker-162: Launching test (11)] INFO  o.e.m.i.launch.MavenLaunchDelegate - C:\Users\canyl\eclipse-workspace\Akbank Bootcamp\Week1\test
2022-06-21 22:18:15,029 [Worker-162: Launching test (11)] INFO  o.e.m.i.launch.MavenLaunchDelegate -  mvn -B clean install
2022-06-21 22:36:46,699 [Worker-170: Building] INFO  o.e.m.c.i.l.LifecycleMappingFactory - Using org.eclipse.m2e.jdt.JarLifecycleMapping lifecycle mapping for MavenProject: com.apache:test:0.0.1-SNAPSHOT @ C:\Users\canyl\eclipse-workspace\Akbank Bootcamp\Week1\test\pom.xml.
2022-06-21 22:36:46,916 [Worker-170: Building] WARN  o.e.m.c.i.embedder.EclipseLogger - Using platform encoding (Cp1254 actually) to copy filtered resources, i.e. build is platform dependent!
2022-06-21 22:36:46,918 [Worker-170: Building] INFO  o.e.m.c.i.embedder.EclipseLogger - skip non existing resourceDirectory C:\Users\canyl\eclipse-workspace\Akbank Bootcamp\Week1\test\src\main\resources
2022-06-21 22:36:46,920 [Worker-170: Building] WARN  o.e.m.c.i.embedder.EclipseLogger - Using platform encoding (Cp1254 actually) to copy filtered resources, i.e. build is platform dependent!
2022-06-21 22:36:46,922 [Worker-170: Building] INFO  o.e.m.c.i.embedder.EclipseLogger - skip non existing resourceDirectory C:\Users\canyl\eclipse-workspace\Akbank Bootcamp\Week1\test\src\test\resources
2022-06-21 22:37:28,407 [Worker-173: Building] INFO  o.e.m.c.i.l.LifecycleMappingFactory - Using org.eclipse.m2e.jdt.JarLifecycleMapping lifecycle mapping for MavenProject: com.apache:test:0.0.1-SNAPSHOT @ C:\Users\canyl\eclipse-workspace\Akbank Bootcamp\Week1\test\pom.xml.
2022-06-21 22:37:28,505 [Worker-173: Building] WARN  o.e.m.c.i.embedder.EclipseLogger - Using platform encoding (Cp1254 actually) to copy filtered resources, i.e. build is platform dependent!
2022-06-21 22:37:28,506 [Worker-173: Building] INFO  o.e.m.c.i.embedder.EclipseLogger - skip non existing resourceDirectory C:\Users\canyl\eclipse-workspace\Akbank Bootcamp\Week1\test\src\main\resources
2022-06-21 22:37:28,507 [Worker-173: Building] WARN  o.e.m.c.i.embedder.EclipseLogger - Using platform encoding (Cp1254 actually) to copy filtered resources, i.e. build is platform dependent!
2022-06-21 22:37:28,508 [Worker-173: Building] INFO  o.e.m.c.i.embedder.EclipseLogger - skip non existing resourceDirectory C:\Users\canyl\eclipse-workspace\Akbank Bootcamp\Week1\test\src\test\resources
2022-06-21 22:37:36,205 [main] INFO  o.e.m2e.actions.ExecutePomAction - Creating new launch configuration
2022-06-21 22:37:46,696 [Worker-167: Launching test (12)] INFO  o.e.m.i.launch.MavenLaunchDelegate - C:\Users\canyl\eclipse-workspace\Akbank Bootcamp\Week1\test
2022-06-21 22:37:46,696 [Worker-167: Launching test (12)] INFO  o.e.m.i.launch.MavenLaunchDelegate -  mvn -B clean install
2022-06-21 22:39:31,317 [Worker-171: Building] INFO  o.e.m.c.i.embedder.EclipseLogger - Using 'UTF-8' encoding to copy filtered resources.
2022-06-21 22:39:31,317 [Worker-171: Building] INFO  o.e.m.c.i.embedder.EclipseLogger - skip non existing resourceDirectory C:\Users\canyl\eclipse-workspace\Akbank Bootcamp\Week1\summarizer\src\main\resources
2022-06-21 22:39:31,318 [Worker-171: Building] INFO  o.e.m.c.i.embedder.EclipseLogger - Using 'UTF-8' encoding to copy filtered resources.
2022-06-21 22:39:31,319 [Worker-171: Building] INFO  o.e.m.c.i.embedder.EclipseLogger - skip non existing resourceDirectory C:\Users\canyl\eclipse-workspace\Akbank Bootcamp\Week1\summarizer\src\test\resources
2022-06-21 22:40:04,066 [Worker-167: Building] INFO  o.e.m.c.i.embedder.EclipseLogger - Using 'UTF-8' encoding to copy filtered resources.
2022-06-21 22:40:04,067 [Worker-167: Building] INFO  o.e.m.c.i.embedder.EclipseLogger - skip non existing resourceDirectory C:\Users\canyl\eclipse-workspace\Akbank Bootcamp\Week1\summarizer\src\main\resources
2022-06-21 22:40:04,068 [Worker-167: Building] INFO  o.e.m.c.i.embedder.EclipseLogger - Using 'UTF-8' encoding to copy filtered resources.
2022-06-21 22:40:04,068 [Worker-167: Building] INFO  o.e.m.c.i.embedder.EclipseLogger - skip non existing resourceDirectory C:\Users\canyl\eclipse-workspace\Akbank Bootcamp\Week1\summarizer\src\test\resources
2022-06-21 22:40:43,240 [main] INFO  o.e.m2e.actions.ExecutePomAction - Creating new launch configuration
2022-06-21 22:40:56,361 [Worker-171: Launching test (13)] INFO  o.e.m.i.launch.MavenLaunchDelegate - C:\Users\canyl\eclipse-workspace\Akbank Bootcamp\Week1\test
2022-06-21 22:40:56,361 [Worker-171: Launching test (13)] INFO  o.e.m.i.launch.MavenLaunchDelegate -  mvn -B clean install
2022-06-21 22:41:34,193 [main] INFO  o.e.m2e.actions.ExecutePomAction - Creating new launch configuration
2022-06-21 22:41:44,868 [Worker-167: Launching test (14)] INFO  o.e.m.i.launch.MavenLaunchDelegate - C:\Users\canyl\eclipse-workspace\Akbank Bootcamp\Week1\test
2022-06-21 22:41:44,868 [Worker-167: Launching test (14)] INFO  o.e.m.i.launch.MavenLaunchDelegate -  mvn -B clean install
2022-06-21 22:42:50,766 [Worker-171: Building] INFO  o.e.m.c.i.embedder.EclipseLogger - Using 'UTF-8' encoding to copy filtered resources.
2022-06-21 22:42:50,766 [Worker-171: Building] INFO  o.e.m.c.i.embedder.EclipseLogger - skip non existing resourceDirectory C:\Users\canyl\eclipse-workspace\Akbank Bootcamp\Week1\summarizer\src\main\resources
2022-06-21 22:42:50,767 [Worker-171: Building] INFO  o.e.m.c.i.embedder.EclipseLogger - Using 'UTF-8' encoding to copy filtered resources.
2022-06-21 22:42:50,767 [Worker-171: Building] INFO  o.e.m.c.i.embedder.EclipseLogger - skip non existing resourceDirectory C:\Users\canyl\eclipse-workspace\Akbank Bootcamp\Week1\summarizer\src\test\resources
2022-06-21 22:42:58,199 [main] INFO  o.e.m2e.actions.ExecutePomAction - Creating new launch configuration
2022-06-21 22:43:03,051 [Worker-170: Launching test (15)] INFO  o.e.m.i.launch.MavenLaunchDelegate - C:\Users\canyl\eclipse-workspace\Akbank Bootcamp\Week1\test
2022-06-21 22:43:03,051 [Worker-170: Launching test (15)] INFO  o.e.m.i.launch.MavenLaunchDelegate -  mvn -B clean install
2022-06-21 22:44:54,283 [Worker-167: Building] INFO  o.e.m.c.i.embedder.EclipseLogger - Using 'UTF-8' encoding to copy filtered resources.
2022-06-21 22:44:54,283 [Worker-167: Building] INFO  o.e.m.c.i.embedder.EclipseLogger - skip non existing resourceDirectory C:\Users\canyl\eclipse-workspace\Akbank Bootcamp\Week1\summarizer\src\main\resources
2022-06-21 22:44:54,284 [Worker-167: Building] INFO  o.e.m.c.i.embedder.EclipseLogger - Using 'UTF-8' encoding to copy filtered resources.
2022-06-21 22:44:54,285 [Worker-167: Building] INFO  o.e.m.c.i.embedder.EclipseLogger - skip non existing resourceDirectory C:\Users\canyl\eclipse-workspace\Akbank Bootcamp\Week1\summarizer\src\test\resources
2022-06-21 23:50:27,465 [Worker-2: Loading available Gradle versions] INFO  o.e.b.c.i.u.g.PublishedGradleVersions - Gradle version information cache is up-to-date. Trying to read.
2022-06-22 00:01:17,792 [Worker-14: Building] INFO  o.e.m.c.i.embedder.EclipseLogger - Using 'UTF-8' encoding to copy filtered resources.
2022-06-22 00:01:17,794 [Worker-14: Building] INFO  o.e.m.c.i.embedder.EclipseLogger - skip non existing resourceDirectory C:\Users\canyl\eclipse-workspace\Akbank Bootcamp\Week1\summarizer\src\main\resources
2022-06-22 00:01:17,797 [Worker-14: Building] INFO  o.e.m.c.i.embedder.EclipseLogger - Using 'UTF-8' encoding to copy filtered resources.
2022-06-22 00:01:17,797 [Worker-14: Building] INFO  o.e.m.c.i.embedder.EclipseLogger - skip non existing resourceDirectory C:\Users\canyl\eclipse-workspace\Akbank Bootcamp\Week1\summarizer\src\test\resources
2022-06-22 00:02:05,987 [Worker-16: Building] INFO  o.e.m.c.i.embedder.EclipseLogger - Using 'UTF-8' encoding to copy filtered resources.
2022-06-22 00:02:05,988 [Worker-16: Building] INFO  o.e.m.c.i.embedder.EclipseLogger - skip non existing resourceDirectory C:\Users\canyl\eclipse-workspace\Akbank Bootcamp\Week1\summarizer\src\main\resources
2022-06-22 00:02:05,990 [Worker-16: Building] INFO  o.e.m.c.i.embedder.EclipseLogger - Using 'UTF-8' encoding to copy filtered resources.
2022-06-22 00:02:05,990 [Worker-16: Building] INFO  o.e.m.c.i.embedder.EclipseLogger - skip non existing resourceDirectory C:\Users\canyl\eclipse-workspace\Akbank Bootcamp\Week1\summarizer\src\test\resources
